14:36:45.629 [background-preinit] INFO  o.h.v.i.util.Version - [<clinit>,21] - HV000001: Hibernate Validator 8.0.0.Final
14:36:46.070 [main] INFO  c.a.n.c.u.ParamUtil - [<clinit>,87] - [settings] [req-serv] nacos-server port:8848
14:36:46.071 [main] INFO  c.a.n.c.u.ParamUtil - [<clinit>,98] - [settings] [http-client] connect timeout:1000
14:36:46.073 [main] INFO  c.a.n.c.u.ParamUtil - [<clinit>,105] - PER_TASK_CONFIG_SIZE: 3000.0
14:36:46.118 [main] INFO  c.a.n.p.a.s.c.ClientAuthPluginManager - [init,56] - [ClientAuthPluginManager] Load ClientAuthService com.alibaba.nacos.client.auth.impl.NacosClientAuthServiceImpl success.
14:36:46.119 [main] INFO  c.a.n.p.a.s.c.ClientAuthPluginManager - [init,56] - [ClientAuthPluginManager] Load ClientAuthService com.alibaba.nacos.client.auth.ram.RamClientAuthServiceImpl success.
14:36:46.125 [main] INFO  c.a.n.c.a.r.i.CredentialWatcher - [loadCredential,165] - null No credential found
14:36:46.702 [main] INFO  c.a.n.c.c.i.LocalConfigInfoProcessor - [<clinit>,63] - LOCAL_SNAPSHOT_PATH:C:\Users\30371\nacos\config
14:36:46.707 [main] INFO  c.a.n.c.r.client - [lambda$createClient$0,108] - [RpcClientFactory] create a new rpc client of 1fc6f5d9-491b-4576-88d6-c707d832cdf5_config-0
14:36:46.728 [main] INFO  c.a.n.c.r.client - [printIfInfoEnabled,63] - [1fc6f5d9-491b-4576-88d6-c707d832cdf5_config-0] Register server push request handler:com.alibaba.nacos.client.config.impl.ClientWorker$ConfigRpcTransportClient$$Lambda$586/0x0000019b10392150
14:36:46.729 [main] INFO  c.a.n.c.r.client - [printIfInfoEnabled,63] - [1fc6f5d9-491b-4576-88d6-c707d832cdf5_config-0] Register server push request handler:com.alibaba.nacos.client.config.impl.ClientWorker$ConfigRpcTransportClient$$Lambda$587/0x0000019b10392570
14:36:46.730 [main] INFO  c.a.n.c.r.client - [printIfInfoEnabled,63] - [1fc6f5d9-491b-4576-88d6-c707d832cdf5_config-0] Registry connection listener to current client:com.alibaba.nacos.client.config.impl.ClientWorker$ConfigRpcTransportClient$1
14:36:46.730 [main] INFO  c.a.n.c.r.client - [printIfInfoEnabled,63] - [1fc6f5d9-491b-4576-88d6-c707d832cdf5_config-0] RpcClient init, ServerListFactory = com.alibaba.nacos.client.config.impl.ClientWorker$ConfigRpcTransportClient$2
14:36:46.742 [main] INFO  c.a.n.c.r.client - [printIfInfoEnabled,63] - [1fc6f5d9-491b-4576-88d6-c707d832cdf5_config-0] Try to connect to server on start up, server: {serverIp = '192.168.6.100', server main port = 8848}
14:36:46.784 [main] INFO  c.a.n.c.r.c.g.GrpcClient - [createNewManagedChannel,182] - grpc client connection server:192.168.6.100 ip,serverPort:9848,grpcTslConfig:{"sslProvider":"OPENSSL","enableTls":false,"mutualAuthEnable":false,"trustAll":false}
14:36:47.856 [main] INFO  c.a.n.c.r.client - [printIfInfoEnabled,63] - [1fc6f5d9-491b-4576-88d6-c707d832cdf5_config-0] Success to connect to server [192.168.6.100:8848] on start up, connectionId = 1780295807658_192.168.6.1_3690
14:36:47.857 [com.alibaba.nacos.client.remote.worker] INFO  c.a.n.c.r.client - [printIfInfoEnabled,63] - [1fc6f5d9-491b-4576-88d6-c707d832cdf5_config-0] Notify connected event to listeners.
14:36:47.857 [com.alibaba.nacos.client.remote.worker] INFO  c.a.n.c.c.i.ClientWorker - [onConnected,639] - [1fc6f5d9-491b-4576-88d6-c707d832cdf5_config-0] Connected,notify listen context...
14:36:47.858 [main] INFO  c.a.n.c.r.client - [printIfInfoEnabled,63] - [1fc6f5d9-491b-4576-88d6-c707d832cdf5_config-0] Register server push request handler:com.alibaba.nacos.common.remote.client.RpcClient$ConnectResetRequestHandler
14:36:47.858 [main] INFO  c.a.n.c.r.client - [printIfInfoEnabled,63] - [1fc6f5d9-491b-4576-88d6-c707d832cdf5_config-0] Register server push request handler:com.alibaba.nacos.common.remote.client.RpcClient$$Lambda$608/0x0000019b104d8d08
14:36:47.905 [main] INFO  c.a.n.c.c.i.Limiter - [<clinit>,62] - limitTime:5.0
14:36:47.930 [main] INFO  c.a.n.c.c.u.JvmUtil - [<clinit>,54] - isMultiInstance:false
14:36:47.985 [main] INFO  c.s.s.SpzxSystemApplication - [logStartupProfileInfo,638] - The following 1 profile is active: "dev"
14:36:50.711 [main] INFO  o.a.c.h.Http11NioProtocol - [log,173] - Initializing ProtocolHandler ["http-nio-9201"]
14:36:50.712 [main] INFO  o.a.c.c.StandardService - [log,173] - Starting service [Tomcat]
14:36:50.712 [main] INFO  o.a.c.c.StandardEngine - [log,173] - Starting Servlet engine: [Apache Tomcat/10.1.7]
14:36:50.848 [main] INFO  o.a.c.c.C.[.[.[/] - [log,173] - Initializing Spring embedded WebApplicationContext
14:36:52.261 [main] INFO  c.z.h.HikariDataSource - [getConnection,110] - GuliHikariPool - Starting...
14:36:53.517 [main] INFO  o.a.c.c.StandardService - [log,173] - Stopping service [Tomcat]
14:46:41.136 [background-preinit] INFO  o.h.v.i.util.Version - [<clinit>,21] - HV000001: Hibernate Validator 8.0.0.Final
14:46:41.501 [main] INFO  c.a.n.c.u.ParamUtil - [<clinit>,87] - [settings] [req-serv] nacos-server port:8848
14:46:41.502 [main] INFO  c.a.n.c.u.ParamUtil - [<clinit>,98] - [settings] [http-client] connect timeout:1000
14:46:41.503 [main] INFO  c.a.n.c.u.ParamUtil - [<clinit>,105] - PER_TASK_CONFIG_SIZE: 3000.0
14:46:41.532 [main] INFO  c.a.n.p.a.s.c.ClientAuthPluginManager - [init,56] - [ClientAuthPluginManager] Load ClientAuthService com.alibaba.nacos.client.auth.impl.NacosClientAuthServiceImpl success.
14:46:41.533 [main] INFO  c.a.n.p.a.s.c.ClientAuthPluginManager - [init,56] - [ClientAuthPluginManager] Load ClientAuthService com.alibaba.nacos.client.auth.ram.RamClientAuthServiceImpl success.
14:46:41.536 [main] INFO  c.a.n.c.a.r.i.CredentialWatcher - [loadCredential,165] - null No credential found
14:46:41.816 [main] INFO  c.a.n.c.c.i.LocalConfigInfoProcessor - [<clinit>,63] - LOCAL_SNAPSHOT_PATH:C:\Users\30371\nacos\config
14:46:41.820 [main] INFO  c.a.n.c.r.client - [lambda$createClient$0,108] - [RpcClientFactory] create a new rpc client of 87942b7d-6c7b-4de5-8fb0-5e880e00f38e_config-0
14:46:41.834 [main] INFO  c.a.n.c.r.client - [printIfInfoEnabled,63] - [87942b7d-6c7b-4de5-8fb0-5e880e00f38e_config-0] Register server push request handler:com.alibaba.nacos.client.config.impl.ClientWorker$ConfigRpcTransportClient$$Lambda$586/0x0000020d2e393b58
14:46:41.834 [main] INFO  c.a.n.c.r.client - [printIfInfoEnabled,63] - [87942b7d-6c7b-4de5-8fb0-5e880e00f38e_config-0] Register server push request handler:com.alibaba.nacos.client.config.impl.ClientWorker$ConfigRpcTransportClient$$Lambda$587/0x0000020d2e393f78
14:46:41.835 [main] INFO  c.a.n.c.r.client - [printIfInfoEnabled,63] - [87942b7d-6c7b-4de5-8fb0-5e880e00f38e_config-0] Registry connection listener to current client:com.alibaba.nacos.client.config.impl.ClientWorker$ConfigRpcTransportClient$1
14:46:41.835 [main] INFO  c.a.n.c.r.client - [printIfInfoEnabled,63] - [87942b7d-6c7b-4de5-8fb0-5e880e00f38e_config-0] RpcClient init, ServerListFactory = com.alibaba.nacos.client.config.impl.ClientWorker$ConfigRpcTransportClient$2
14:46:41.841 [main] INFO  c.a.n.c.r.client - [printIfInfoEnabled,63] - [87942b7d-6c7b-4de5-8fb0-5e880e00f38e_config-0] Try to connect to server on start up, server: {serverIp = '192.168.6.100', server main port = 8848}
14:46:41.871 [main] INFO  c.a.n.c.r.c.g.GrpcClient - [createNewManagedChannel,182] - grpc client connection server:192.168.6.100 ip,serverPort:9848,grpcTslConfig:{"sslProvider":"OPENSSL","enableTls":false,"mutualAuthEnable":false,"trustAll":false}
14:46:42.655 [main] INFO  c.a.n.c.r.client - [printIfInfoEnabled,63] - [87942b7d-6c7b-4de5-8fb0-5e880e00f38e_config-0] Success to connect to server [192.168.6.100:8848] on start up, connectionId = 1780296402490_192.168.6.1_4724
14:46:42.656 [com.alibaba.nacos.client.remote.worker] INFO  c.a.n.c.r.client - [printIfInfoEnabled,63] - [87942b7d-6c7b-4de5-8fb0-5e880e00f38e_config-0] Notify connected event to listeners.
14:46:42.657 [main] INFO  c.a.n.c.r.client - [printIfInfoEnabled,63] - [87942b7d-6c7b-4de5-8fb0-5e880e00f38e_config-0] Register server push request handler:com.alibaba.nacos.common.remote.client.RpcClient$ConnectResetRequestHandler
14:46:42.657 [com.alibaba.nacos.client.remote.worker] INFO  c.a.n.c.c.i.ClientWorker - [onConnected,639] - [87942b7d-6c7b-4de5-8fb0-5e880e00f38e_config-0] Connected,notify listen context...
14:46:42.657 [main] INFO  c.a.n.c.r.client - [printIfInfoEnabled,63] - [87942b7d-6c7b-4de5-8fb0-5e880e00f38e_config-0] Register server push request handler:com.alibaba.nacos.common.remote.client.RpcClient$$Lambda$608/0x0000020d2e4d8d08
14:46:42.698 [main] INFO  c.a.n.c.c.i.Limiter - [<clinit>,62] - limitTime:5.0
14:46:42.714 [main] INFO  c.a.n.c.c.u.JvmUtil - [<clinit>,54] - isMultiInstance:false
14:46:42.750 [main] INFO  c.s.s.SpzxSystemApplication - [logStartupProfileInfo,638] - The following 1 profile is active: "dev"
14:46:44.897 [main] INFO  o.a.c.h.Http11NioProtocol - [log,173] - Initializing ProtocolHandler ["http-nio-9201"]
14:46:44.898 [main] INFO  o.a.c.c.StandardService - [log,173] - Starting service [Tomcat]
14:46:44.898 [main] INFO  o.a.c.c.StandardEngine - [log,173] - Starting Servlet engine: [Apache Tomcat/10.1.7]
14:46:44.985 [main] INFO  o.a.c.c.C.[.[.[/] - [log,173] - Initializing Spring embedded WebApplicationContext
14:46:46.090 [main] INFO  c.z.h.HikariDataSource - [getConnection,110] - GuliHikariPool - Starting...
14:46:47.301 [main] INFO  o.a.c.c.StandardService - [log,173] - Stopping service [Tomcat]
14:54:28.265 [background-preinit] INFO  o.h.v.i.util.Version - [<clinit>,21] - HV000001: Hibernate Validator 8.0.0.Final
14:54:28.565 [main] INFO  c.a.n.c.u.ParamUtil - [<clinit>,87] - [settings] [req-serv] nacos-server port:8848
14:54:28.566 [main] INFO  c.a.n.c.u.ParamUtil - [<clinit>,98] - [settings] [http-client] connect timeout:1000
14:54:28.567 [main] INFO  c.a.n.c.u.ParamUtil - [<clinit>,105] - PER_TASK_CONFIG_SIZE: 3000.0
14:54:28.589 [main] INFO  c.a.n.p.a.s.c.ClientAuthPluginManager - [init,56] - [ClientAuthPluginManager] Load ClientAuthService com.alibaba.nacos.client.auth.impl.NacosClientAuthServiceImpl success.
14:54:28.589 [main] INFO  c.a.n.p.a.s.c.ClientAuthPluginManager - [init,56] - [ClientAuthPluginManager] Load ClientAuthService com.alibaba.nacos.client.auth.ram.RamClientAuthServiceImpl success.
14:54:28.592 [main] INFO  c.a.n.c.a.r.i.CredentialWatcher - [loadCredential,165] - null No credential found
14:54:28.887 [main] INFO  c.a.n.c.c.i.LocalConfigInfoProcessor - [<clinit>,63] - LOCAL_SNAPSHOT_PATH:C:\Users\30371\nacos\config
14:54:28.891 [main] INFO  c.a.n.c.r.client - [lambda$createClient$0,108] - [RpcClientFactory] create a new rpc client of fc25ba64-d6a4-4959-8f80-6c6492b029a9_config-0
14:54:28.905 [main] INFO  c.a.n.c.r.client - [printIfInfoEnabled,63] - [fc25ba64-d6a4-4959-8f80-6c6492b029a9_config-0] Register server push request handler:com.alibaba.nacos.client.config.impl.ClientWorker$ConfigRpcTransportClient$$Lambda$586/0x000001b78e391a28
14:54:28.906 [main] INFO  c.a.n.c.r.client - [printIfInfoEnabled,63] - [fc25ba64-d6a4-4959-8f80-6c6492b029a9_config-0] Register server push request handler:com.alibaba.nacos.client.config.impl.ClientWorker$ConfigRpcTransportClient$$Lambda$587/0x000001b78e391e48
14:54:28.907 [main] INFO  c.a.n.c.r.client - [printIfInfoEnabled,63] - [fc25ba64-d6a4-4959-8f80-6c6492b029a9_config-0] Registry connection listener to current client:com.alibaba.nacos.client.config.impl.ClientWorker$ConfigRpcTransportClient$1
14:54:28.907 [main] INFO  c.a.n.c.r.client - [printIfInfoEnabled,63] - [fc25ba64-d6a4-4959-8f80-6c6492b029a9_config-0] RpcClient init, ServerListFactory = com.alibaba.nacos.client.config.impl.ClientWorker$ConfigRpcTransportClient$2
14:54:28.913 [main] INFO  c.a.n.c.r.client - [printIfInfoEnabled,63] - [fc25ba64-d6a4-4959-8f80-6c6492b029a9_config-0] Try to connect to server on start up, server: {serverIp = '192.168.6.100', server main port = 8848}
14:54:28.944 [main] INFO  c.a.n.c.r.c.g.GrpcClient - [createNewManagedChannel,182] - grpc client connection server:192.168.6.100 ip,serverPort:9848,grpcTslConfig:{"sslProvider":"OPENSSL","enableTls":false,"mutualAuthEnable":false,"trustAll":false}
14:54:29.659 [main] INFO  c.a.n.c.r.client - [printIfInfoEnabled,63] - [fc25ba64-d6a4-4959-8f80-6c6492b029a9_config-0] Success to connect to server [192.168.6.100:8848] on start up, connectionId = 1780296869488_192.168.6.1_5443
14:54:29.660 [com.alibaba.nacos.client.remote.worker] INFO  c.a.n.c.r.client - [printIfInfoEnabled,63] - [fc25ba64-d6a4-4959-8f80-6c6492b029a9_config-0] Notify connected event to listeners.
14:54:29.660 [main] INFO  c.a.n.c.r.client - [printIfInfoEnabled,63] - [fc25ba64-d6a4-4959-8f80-6c6492b029a9_config-0] Register server push request handler:com.alibaba.nacos.common.remote.client.RpcClient$ConnectResetRequestHandler
14:54:29.660 [com.alibaba.nacos.client.remote.worker] INFO  c.a.n.c.c.i.ClientWorker - [onConnected,639] - [fc25ba64-d6a4-4959-8f80-6c6492b029a9_config-0] Connected,notify listen context...
14:54:29.660 [main] INFO  c.a.n.c.r.client - [printIfInfoEnabled,63] - [fc25ba64-d6a4-4959-8f80-6c6492b029a9_config-0] Register server push request handler:com.alibaba.nacos.common.remote.client.RpcClient$$Lambda$608/0x000001b78e4db780
14:54:29.688 [main] INFO  c.a.n.c.c.i.Limiter - [<clinit>,62] - limitTime:5.0
14:54:29.699 [main] INFO  c.a.n.c.c.u.JvmUtil - [<clinit>,54] - isMultiInstance:false
14:54:29.726 [main] INFO  c.s.s.SpzxSystemApplication - [logStartupProfileInfo,638] - The following 1 profile is active: "dev"
14:54:31.654 [main] INFO  o.a.c.h.Http11NioProtocol - [log,173] - Initializing ProtocolHandler ["http-nio-9201"]
14:54:31.655 [main] INFO  o.a.c.c.StandardService - [log,173] - Starting service [Tomcat]
14:54:31.655 [main] INFO  o.a.c.c.StandardEngine - [log,173] - Starting Servlet engine: [Apache Tomcat/10.1.7]
14:54:31.742 [main] INFO  o.a.c.c.C.[.[.[/] - [log,173] - Initializing Spring embedded WebApplicationContext
14:54:32.720 [main] INFO  c.z.h.HikariDataSource - [getConnection,110] - GuliHikariPool - Starting...
14:54:33.889 [main] INFO  o.a.c.c.StandardService - [log,173] - Stopping service [Tomcat]
15:11:03.623 [background-preinit] INFO  o.h.v.i.util.Version - [<clinit>,21] - HV000001: Hibernate Validator 8.0.0.Final
15:11:03.933 [main] INFO  c.a.n.c.u.ParamUtil - [<clinit>,87] - [settings] [req-serv] nacos-server port:8848
15:11:03.934 [main] INFO  c.a.n.c.u.ParamUtil - [<clinit>,98] - [settings] [http-client] connect timeout:1000
15:11:03.935 [main] INFO  c.a.n.c.u.ParamUtil - [<clinit>,105] - PER_TASK_CONFIG_SIZE: 3000.0
15:11:03.969 [main] INFO  c.a.n.p.a.s.c.ClientAuthPluginManager - [init,56] - [ClientAuthPluginManager] Load ClientAuthService com.alibaba.nacos.client.auth.impl.NacosClientAuthServiceImpl success.
15:11:03.970 [main] INFO  c.a.n.p.a.s.c.ClientAuthPluginManager - [init,56] - [ClientAuthPluginManager] Load ClientAuthService com.alibaba.nacos.client.auth.ram.RamClientAuthServiceImpl success.
15:11:03.981 [main] INFO  c.a.n.c.a.r.i.CredentialWatcher - [loadCredential,165] - null No credential found
15:11:04.311 [main] INFO  c.a.n.c.c.i.LocalConfigInfoProcessor - [<clinit>,63] - LOCAL_SNAPSHOT_PATH:C:\Users\30371\nacos\config
15:11:04.315 [main] INFO  c.a.n.c.r.client - [lambda$createClient$0,108] - [RpcClientFactory] create a new rpc client of 67510c66-bea8-420a-9a16-3d34e6ed6ad3_config-0
15:11:04.330 [main] INFO  c.a.n.c.r.client - [printIfInfoEnabled,63] - [67510c66-bea8-420a-9a16-3d34e6ed6ad3_config-0] Register server push request handler:com.alibaba.nacos.client.config.impl.ClientWorker$ConfigRpcTransportClient$$Lambda$586/0x000001dfd0393e10
15:11:04.331 [main] INFO  c.a.n.c.r.client - [printIfInfoEnabled,63] - [67510c66-bea8-420a-9a16-3d34e6ed6ad3_config-0] Register server push request handler:com.alibaba.nacos.client.config.impl.ClientWorker$ConfigRpcTransportClient$$Lambda$587/0x000001dfd0394230
15:11:04.332 [main] INFO  c.a.n.c.r.client - [printIfInfoEnabled,63] - [67510c66-bea8-420a-9a16-3d34e6ed6ad3_config-0] Registry connection listener to current client:com.alibaba.nacos.client.config.impl.ClientWorker$ConfigRpcTransportClient$1
15:11:04.332 [main] INFO  c.a.n.c.r.client - [printIfInfoEnabled,63] - [67510c66-bea8-420a-9a16-3d34e6ed6ad3_config-0] RpcClient init, ServerListFactory = com.alibaba.nacos.client.config.impl.ClientWorker$ConfigRpcTransportClient$2
15:11:04.340 [main] INFO  c.a.n.c.r.client - [printIfInfoEnabled,63] - [67510c66-bea8-420a-9a16-3d34e6ed6ad3_config-0] Try to connect to server on start up, server: {serverIp = '192.168.6.100', server main port = 8848}
15:11:04.370 [main] INFO  c.a.n.c.r.c.g.GrpcClient - [createNewManagedChannel,182] - grpc client connection server:192.168.6.100 ip,serverPort:9848,grpcTslConfig:{"sslProvider":"OPENSSL","enableTls":false,"mutualAuthEnable":false,"trustAll":false}
15:11:05.184 [main] INFO  c.a.n.c.r.client - [printIfInfoEnabled,63] - [67510c66-bea8-420a-9a16-3d34e6ed6ad3_config-0] Success to connect to server [192.168.6.100:8848] on start up, connectionId = 1780297865007_192.168.6.1_6915
15:11:05.184 [com.alibaba.nacos.client.remote.worker] INFO  c.a.n.c.r.client - [printIfInfoEnabled,63] - [67510c66-bea8-420a-9a16-3d34e6ed6ad3_config-0] Notify connected event to listeners.
15:11:05.184 [main] INFO  c.a.n.c.r.client - [printIfInfoEnabled,63] - [67510c66-bea8-420a-9a16-3d34e6ed6ad3_config-0] Register server push request handler:com.alibaba.nacos.common.remote.client.RpcClient$ConnectResetRequestHandler
15:11:05.184 [com.alibaba.nacos.client.remote.worker] INFO  c.a.n.c.c.i.ClientWorker - [onConnected,639] - [67510c66-bea8-420a-9a16-3d34e6ed6ad3_config-0] Connected,notify listen context...
15:11:05.184 [main] INFO  c.a.n.c.r.client - [printIfInfoEnabled,63] - [67510c66-bea8-420a-9a16-3d34e6ed6ad3_config-0] Register server push request handler:com.alibaba.nacos.common.remote.client.RpcClient$$Lambda$608/0x000001dfd04d98d8
15:11:05.221 [main] INFO  c.a.n.c.c.i.Limiter - [<clinit>,62] - limitTime:5.0
15:11:05.236 [main] INFO  c.a.n.c.c.u.JvmUtil - [<clinit>,54] - isMultiInstance:false
15:11:05.270 [main] INFO  c.s.s.SpzxSystemApplication - [logStartupProfileInfo,638] - The following 1 profile is active: "dev"
15:11:07.907 [main] INFO  o.a.c.h.Http11NioProtocol - [log,173] - Initializing ProtocolHandler ["http-nio-9201"]
15:11:07.908 [main] INFO  o.a.c.c.StandardService - [log,173] - Starting service [Tomcat]
15:11:07.908 [main] INFO  o.a.c.c.StandardEngine - [log,173] - Starting Servlet engine: [Apache Tomcat/10.1.7]
15:11:07.996 [main] INFO  o.a.c.c.C.[.[.[/] - [log,173] - Initializing Spring embedded WebApplicationContext
15:11:09.084 [main] INFO  c.z.h.HikariDataSource - [getConnection,110] - GuliHikariPool - Starting...
15:11:10.259 [main] INFO  o.a.c.c.StandardService - [log,173] - Stopping service [Tomcat]
15:37:46.549 [background-preinit] INFO  o.h.v.i.util.Version - [<clinit>,21] - HV000001: Hibernate Validator 8.0.0.Final
15:37:47.013 [main] INFO  c.a.n.c.u.ParamUtil - [<clinit>,87] - [settings] [req-serv] nacos-server port:8848
15:37:47.013 [main] INFO  c.a.n.c.u.ParamUtil - [<clinit>,98] - [settings] [http-client] connect timeout:1000
15:37:47.015 [main] INFO  c.a.n.c.u.ParamUtil - [<clinit>,105] - PER_TASK_CONFIG_SIZE: 3000.0
15:37:47.064 [main] INFO  c.a.n.p.a.s.c.ClientAuthPluginManager - [init,56] - [ClientAuthPluginManager] Load ClientAuthService com.alibaba.nacos.client.auth.impl.NacosClientAuthServiceImpl success.
15:37:47.064 [main] INFO  c.a.n.p.a.s.c.ClientAuthPluginManager - [init,56] - [ClientAuthPluginManager] Load ClientAuthService com.alibaba.nacos.client.auth.ram.RamClientAuthServiceImpl success.
15:37:47.072 [main] INFO  c.a.n.c.a.r.i.CredentialWatcher - [loadCredential,165] - null No credential found
15:37:47.782 [main] INFO  c.a.n.c.c.i.LocalConfigInfoProcessor - [<clinit>,63] - LOCAL_SNAPSHOT_PATH:C:\Users\30371\nacos\config
15:37:47.790 [main] INFO  c.a.n.c.r.client - [lambda$createClient$0,108] - [RpcClientFactory] create a new rpc client of 3bda9dac-d4f2-4d2b-9acc-7dbce3b05ffd_config-0
15:37:47.825 [main] INFO  c.a.n.c.r.client - [printIfInfoEnabled,63] - [3bda9dac-d4f2-4d2b-9acc-7dbce3b05ffd_config-0] Register server push request handler:com.alibaba.nacos.client.config.impl.ClientWorker$ConfigRpcTransportClient$$Lambda$586/0x000002a03c392720
15:37:47.826 [main] INFO  c.a.n.c.r.client - [printIfInfoEnabled,63] - [3bda9dac-d4f2-4d2b-9acc-7dbce3b05ffd_config-0] Register server push request handler:com.alibaba.nacos.client.config.impl.ClientWorker$ConfigRpcTransportClient$$Lambda$587/0x000002a03c392b40
15:37:47.827 [main] INFO  c.a.n.c.r.client - [printIfInfoEnabled,63] - [3bda9dac-d4f2-4d2b-9acc-7dbce3b05ffd_config-0] Registry connection listener to current client:com.alibaba.nacos.client.config.impl.ClientWorker$ConfigRpcTransportClient$1
15:37:47.828 [main] INFO  c.a.n.c.r.client - [printIfInfoEnabled,63] - [3bda9dac-d4f2-4d2b-9acc-7dbce3b05ffd_config-0] RpcClient init, ServerListFactory = com.alibaba.nacos.client.config.impl.ClientWorker$ConfigRpcTransportClient$2
15:37:47.843 [main] INFO  c.a.n.c.r.client - [printIfInfoEnabled,63] - [3bda9dac-d4f2-4d2b-9acc-7dbce3b05ffd_config-0] Try to connect to server on start up, server: {serverIp = '192.168.6.100', server main port = 8848}
15:37:47.913 [main] INFO  c.a.n.c.r.c.g.GrpcClient - [createNewManagedChannel,182] - grpc client connection server:192.168.6.100 ip,serverPort:9848,grpcTslConfig:{"sslProvider":"OPENSSL","enableTls":false,"mutualAuthEnable":false,"trustAll":false}
15:37:49.601 [main] INFO  c.a.n.c.r.client - [printIfInfoEnabled,63] - [3bda9dac-d4f2-4d2b-9acc-7dbce3b05ffd_config-0] Success to connect to server [192.168.6.100:8848] on start up, connectionId = 1780299469371_192.168.6.1_9554
15:37:49.603 [com.alibaba.nacos.client.remote.worker] INFO  c.a.n.c.r.client - [printIfInfoEnabled,63] - [3bda9dac-d4f2-4d2b-9acc-7dbce3b05ffd_config-0] Notify connected event to listeners.
15:37:49.603 [main] INFO  c.a.n.c.r.client - [printIfInfoEnabled,63] - [3bda9dac-d4f2-4d2b-9acc-7dbce3b05ffd_config-0] Register server push request handler:com.alibaba.nacos.common.remote.client.RpcClient$ConnectResetRequestHandler
15:37:49.603 [com.alibaba.nacos.client.remote.worker] INFO  c.a.n.c.c.i.ClientWorker - [onConnected,639] - [3bda9dac-d4f2-4d2b-9acc-7dbce3b05ffd_config-0] Connected,notify listen context...
15:37:49.604 [main] INFO  c.a.n.c.r.client - [printIfInfoEnabled,63] - [3bda9dac-d4f2-4d2b-9acc-7dbce3b05ffd_config-0] Register server push request handler:com.alibaba.nacos.common.remote.client.RpcClient$$Lambda$608/0x000002a03c4dc850
15:37:49.663 [main] INFO  c.a.n.c.c.i.Limiter - [<clinit>,62] - limitTime:5.0
15:37:49.691 [main] INFO  c.a.n.c.c.u.JvmUtil - [<clinit>,54] - isMultiInstance:false
15:37:49.749 [main] INFO  c.s.s.SpzxSystemApplication - [logStartupProfileInfo,638] - The following 1 profile is active: "dev"
15:37:53.227 [main] INFO  o.a.c.h.Http11NioProtocol - [log,173] - Initializing ProtocolHandler ["http-nio-9201"]
15:37:53.228 [main] INFO  o.a.c.c.StandardService - [log,173] - Starting service [Tomcat]
15:37:53.228 [main] INFO  o.a.c.c.StandardEngine - [log,173] - Starting Servlet engine: [Apache Tomcat/10.1.7]
15:37:53.347 [main] INFO  o.a.c.c.C.[.[.[/] - [log,173] - Initializing Spring embedded WebApplicationContext
15:37:54.802 [main] INFO  c.z.h.HikariDataSource - [getConnection,110] - GuliHikariPool - Starting...
15:37:56.058 [main] INFO  o.a.c.c.StandardService - [log,173] - Stopping service [Tomcat]
16:25:13.567 [background-preinit] INFO  o.h.v.i.util.Version - [<clinit>,21] - HV000001: Hibernate Validator 8.0.0.Final
16:25:13.882 [main] INFO  c.a.n.c.u.ParamUtil - [<clinit>,87] - [settings] [req-serv] nacos-server port:8848
16:25:13.882 [main] INFO  c.a.n.c.u.ParamUtil - [<clinit>,98] - [settings] [http-client] connect timeout:1000
16:25:13.883 [main] INFO  c.a.n.c.u.ParamUtil - [<clinit>,105] - PER_TASK_CONFIG_SIZE: 3000.0
16:25:13.912 [main] INFO  c.a.n.p.a.s.c.ClientAuthPluginManager - [init,56] - [ClientAuthPluginManager] Load ClientAuthService com.alibaba.nacos.client.auth.impl.NacosClientAuthServiceImpl success.
16:25:13.913 [main] INFO  c.a.n.p.a.s.c.ClientAuthPluginManager - [init,56] - [ClientAuthPluginManager] Load ClientAuthService com.alibaba.nacos.client.auth.ram.RamClientAuthServiceImpl success.
16:25:13.916 [main] INFO  c.a.n.c.a.r.i.CredentialWatcher - [loadCredential,165] - null No credential found
16:25:14.259 [main] INFO  c.a.n.c.c.i.LocalConfigInfoProcessor - [<clinit>,63] - LOCAL_SNAPSHOT_PATH:C:\Users\30371\nacos\config
16:25:14.262 [main] INFO  c.a.n.c.r.client - [lambda$createClient$0,108] - [RpcClientFactory] create a new rpc client of 51e9ff01-8bc2-410e-af2b-9e8d8bcf1cfb_config-0
16:25:14.278 [main] INFO  c.a.n.c.r.client - [printIfInfoEnabled,63] - [51e9ff01-8bc2-410e-af2b-9e8d8bcf1cfb_config-0] Register server push request handler:com.alibaba.nacos.client.config.impl.ClientWorker$ConfigRpcTransportClient$$Lambda$586/0x0000027f8f391258
16:25:14.279 [main] INFO  c.a.n.c.r.client - [printIfInfoEnabled,63] - [51e9ff01-8bc2-410e-af2b-9e8d8bcf1cfb_config-0] Register server push request handler:com.alibaba.nacos.client.config.impl.ClientWorker$ConfigRpcTransportClient$$Lambda$587/0x0000027f8f391678
16:25:14.279 [main] INFO  c.a.n.c.r.client - [printIfInfoEnabled,63] - [51e9ff01-8bc2-410e-af2b-9e8d8bcf1cfb_config-0] Registry connection listener to current client:com.alibaba.nacos.client.config.impl.ClientWorker$ConfigRpcTransportClient$1
16:25:14.280 [main] INFO  c.a.n.c.r.client - [printIfInfoEnabled,63] - [51e9ff01-8bc2-410e-af2b-9e8d8bcf1cfb_config-0] RpcClient init, ServerListFactory = com.alibaba.nacos.client.config.impl.ClientWorker$ConfigRpcTransportClient$2
16:25:14.285 [main] INFO  c.a.n.c.r.client - [printIfInfoEnabled,63] - [51e9ff01-8bc2-410e-af2b-9e8d8bcf1cfb_config-0] Try to connect to server on start up, server: {serverIp = '192.168.6.100', server main port = 8848}
16:25:14.314 [main] INFO  c.a.n.c.r.c.g.GrpcClient - [createNewManagedChannel,182] - grpc client connection server:192.168.6.100 ip,serverPort:9848,grpcTslConfig:{"sslProvider":"OPENSSL","enableTls":false,"mutualAuthEnable":false,"trustAll":false}
16:25:15.227 [main] INFO  c.a.n.c.r.client - [printIfInfoEnabled,63] - [51e9ff01-8bc2-410e-af2b-9e8d8bcf1cfb_config-0] Success to connect to server [192.168.6.100:8848] on start up, connectionId = 1780302315073_192.168.6.1_14766
16:25:15.228 [com.alibaba.nacos.client.remote.worker] INFO  c.a.n.c.r.client - [printIfInfoEnabled,63] - [51e9ff01-8bc2-410e-af2b-9e8d8bcf1cfb_config-0] Notify connected event to listeners.
16:25:15.228 [main] INFO  c.a.n.c.r.client - [printIfInfoEnabled,63] - [51e9ff01-8bc2-410e-af2b-9e8d8bcf1cfb_config-0] Register server push request handler:com.alibaba.nacos.common.remote.client.RpcClient$ConnectResetRequestHandler
16:25:15.228 [com.alibaba.nacos.client.remote.worker] INFO  c.a.n.c.c.i.ClientWorker - [onConnected,639] - [51e9ff01-8bc2-410e-af2b-9e8d8bcf1cfb_config-0] Connected,notify listen context...
16:25:15.228 [main] INFO  c.a.n.c.r.client - [printIfInfoEnabled,63] - [51e9ff01-8bc2-410e-af2b-9e8d8bcf1cfb_config-0] Register server push request handler:com.alibaba.nacos.common.remote.client.RpcClient$$Lambda$608/0x0000027f8f4d6788
16:25:15.267 [main] INFO  c.a.n.c.c.i.Limiter - [<clinit>,62] - limitTime:5.0
16:25:15.307 [main] INFO  c.a.n.c.c.u.JvmUtil - [<clinit>,54] - isMultiInstance:false
16:25:15.345 [main] INFO  c.s.s.SpzxSystemApplication - [logStartupProfileInfo,638] - The following 1 profile is active: "dev"
16:25:18.134 [main] INFO  o.a.c.h.Http11NioProtocol - [log,173] - Initializing ProtocolHandler ["http-nio-9201"]
16:25:18.135 [main] INFO  o.a.c.c.StandardService - [log,173] - Starting service [Tomcat]
16:25:18.135 [main] INFO  o.a.c.c.StandardEngine - [log,173] - Starting Servlet engine: [Apache Tomcat/10.1.7]
16:25:18.226 [main] INFO  o.a.c.c.C.[.[.[/] - [log,173] - Initializing Spring embedded WebApplicationContext
16:25:19.643 [main] INFO  c.z.h.HikariDataSource - [getConnection,110] - GuliHikariPool - Starting...
16:25:20.872 [main] INFO  o.a.c.c.StandardService - [log,173] - Stopping service [Tomcat]
16:37:37.550 [background-preinit] INFO  o.h.v.i.util.Version - [<clinit>,21] - HV000001: Hibernate Validator 8.0.0.Final
16:37:37.859 [main] INFO  c.a.n.c.u.ParamUtil - [<clinit>,87] - [settings] [req-serv] nacos-server port:8848
16:37:37.859 [main] INFO  c.a.n.c.u.ParamUtil - [<clinit>,98] - [settings] [http-client] connect timeout:1000
16:37:37.860 [main] INFO  c.a.n.c.u.ParamUtil - [<clinit>,105] - PER_TASK_CONFIG_SIZE: 3000.0
16:37:37.904 [main] INFO  c.a.n.p.a.s.c.ClientAuthPluginManager - [init,56] - [ClientAuthPluginManager] Load ClientAuthService com.alibaba.nacos.client.auth.impl.NacosClientAuthServiceImpl success.
16:37:37.904 [main] INFO  c.a.n.p.a.s.c.ClientAuthPluginManager - [init,56] - [ClientAuthPluginManager] Load ClientAuthService com.alibaba.nacos.client.auth.ram.RamClientAuthServiceImpl success.
16:37:37.909 [main] INFO  c.a.n.c.a.r.i.CredentialWatcher - [loadCredential,165] - null No credential found
16:37:38.201 [main] INFO  c.a.n.c.c.i.LocalConfigInfoProcessor - [<clinit>,63] - LOCAL_SNAPSHOT_PATH:C:\Users\30371\nacos\config
16:37:38.205 [main] INFO  c.a.n.c.r.client - [lambda$createClient$0,108] - [RpcClientFactory] create a new rpc client of 20ae9e49-f75d-44e7-93c7-61d1eb06636a_config-0
16:37:38.221 [main] INFO  c.a.n.c.r.client - [printIfInfoEnabled,63] - [20ae9e49-f75d-44e7-93c7-61d1eb06636a_config-0] Register server push request handler:com.alibaba.nacos.client.config.impl.ClientWorker$ConfigRpcTransportClient$$Lambda$586/0x000001d401391a28
16:37:38.222 [main] INFO  c.a.n.c.r.client - [printIfInfoEnabled,63] - [20ae9e49-f75d-44e7-93c7-61d1eb06636a_config-0] Register server push request handler:com.alibaba.nacos.client.config.impl.ClientWorker$ConfigRpcTransportClient$$Lambda$587/0x000001d401391e48
16:37:38.222 [main] INFO  c.a.n.c.r.client - [printIfInfoEnabled,63] - [20ae9e49-f75d-44e7-93c7-61d1eb06636a_config-0] Registry connection listener to current client:com.alibaba.nacos.client.config.impl.ClientWorker$ConfigRpcTransportClient$1
16:37:38.223 [main] INFO  c.a.n.c.r.client - [printIfInfoEnabled,63] - [20ae9e49-f75d-44e7-93c7-61d1eb06636a_config-0] RpcClient init, ServerListFactory = com.alibaba.nacos.client.config.impl.ClientWorker$ConfigRpcTransportClient$2
16:37:38.229 [main] INFO  c.a.n.c.r.client - [printIfInfoEnabled,63] - [20ae9e49-f75d-44e7-93c7-61d1eb06636a_config-0] Try to connect to server on start up, server: {serverIp = '192.168.6.100', server main port = 8848}
16:37:38.263 [main] INFO  c.a.n.c.r.c.g.GrpcClient - [createNewManagedChannel,182] - grpc client connection server:192.168.6.100 ip,serverPort:9848,grpcTslConfig:{"sslProvider":"OPENSSL","enableTls":false,"mutualAuthEnable":false,"trustAll":false}
16:37:39.083 [main] INFO  c.a.n.c.r.client - [printIfInfoEnabled,63] - [20ae9e49-f75d-44e7-93c7-61d1eb06636a_config-0] Success to connect to server [192.168.6.100:8848] on start up, connectionId = 1780303058913_192.168.6.1_1935
16:37:39.084 [main] INFO  c.a.n.c.r.client - [printIfInfoEnabled,63] - [20ae9e49-f75d-44e7-93c7-61d1eb06636a_config-0] Register server push request handler:com.alibaba.nacos.common.remote.client.RpcClient$ConnectResetRequestHandler
16:37:39.084 [com.alibaba.nacos.client.remote.worker] INFO  c.a.n.c.r.client - [printIfInfoEnabled,63] - [20ae9e49-f75d-44e7-93c7-61d1eb06636a_config-0] Notify connected event to listeners.
16:37:39.084 [com.alibaba.nacos.client.remote.worker] INFO  c.a.n.c.c.i.ClientWorker - [onConnected,639] - [20ae9e49-f75d-44e7-93c7-61d1eb06636a_config-0] Connected,notify listen context...
16:37:39.084 [main] INFO  c.a.n.c.r.client - [printIfInfoEnabled,63] - [20ae9e49-f75d-44e7-93c7-61d1eb06636a_config-0] Register server push request handler:com.alibaba.nacos.common.remote.client.RpcClient$$Lambda$608/0x000001d4014db578
16:37:39.126 [main] INFO  c.a.n.c.c.i.Limiter - [<clinit>,62] - limitTime:5.0
16:37:39.144 [main] INFO  c.a.n.c.c.u.JvmUtil - [<clinit>,54] - isMultiInstance:false
16:37:39.186 [main] INFO  c.s.s.SpzxSystemApplication - [logStartupProfileInfo,638] - The following 1 profile is active: "dev"
16:37:41.298 [main] INFO  o.a.c.h.Http11NioProtocol - [log,173] - Initializing ProtocolHandler ["http-nio-9201"]
16:37:41.298 [main] INFO  o.a.c.c.StandardService - [log,173] - Starting service [Tomcat]
16:37:41.299 [main] INFO  o.a.c.c.StandardEngine - [log,173] - Starting Servlet engine: [Apache Tomcat/10.1.7]
16:37:41.377 [main] INFO  o.a.c.c.C.[.[.[/] - [log,173] - Initializing Spring embedded WebApplicationContext
16:37:42.353 [main] INFO  c.z.h.HikariDataSource - [getConnection,110] - GuliHikariPool - Starting...
16:37:43.502 [main] INFO  o.a.c.c.StandardService - [log,173] - Stopping service [Tomcat]
16:39:57.169 [background-preinit] INFO  o.h.v.i.util.Version - [<clinit>,21] - HV000001: Hibernate Validator 8.0.0.Final
16:39:57.545 [main] INFO  c.a.n.c.u.ParamUtil - [<clinit>,87] - [settings] [req-serv] nacos-server port:8848
16:39:57.546 [main] INFO  c.a.n.c.u.ParamUtil - [<clinit>,98] - [settings] [http-client] connect timeout:1000
16:39:57.547 [main] INFO  c.a.n.c.u.ParamUtil - [<clinit>,105] - PER_TASK_CONFIG_SIZE: 3000.0
16:39:57.578 [main] INFO  c.a.n.p.a.s.c.ClientAuthPluginManager - [init,56] - [ClientAuthPluginManager] Load ClientAuthService com.alibaba.nacos.client.auth.impl.NacosClientAuthServiceImpl success.
16:39:57.579 [main] INFO  c.a.n.p.a.s.c.ClientAuthPluginManager - [init,56] - [ClientAuthPluginManager] Load ClientAuthService com.alibaba.nacos.client.auth.ram.RamClientAuthServiceImpl success.
16:39:57.583 [main] INFO  c.a.n.c.a.r.i.CredentialWatcher - [loadCredential,165] - null No credential found
16:39:58.088 [main] INFO  c.a.n.c.c.i.LocalConfigInfoProcessor - [<clinit>,63] - LOCAL_SNAPSHOT_PATH:C:\Users\30371\nacos\config
16:39:58.093 [main] INFO  c.a.n.c.r.client - [lambda$createClient$0,108] - [RpcClientFactory] create a new rpc client of ab1b4076-347a-4f64-b05a-8158ea06d99e_config-0
16:39:58.112 [main] INFO  c.a.n.c.r.client - [printIfInfoEnabled,63] - [ab1b4076-347a-4f64-b05a-8158ea06d99e_config-0] Register server push request handler:com.alibaba.nacos.client.config.impl.ClientWorker$ConfigRpcTransportClient$$Lambda$586/0x00000153ce391830
16:39:58.113 [main] INFO  c.a.n.c.r.client - [printIfInfoEnabled,63] - [ab1b4076-347a-4f64-b05a-8158ea06d99e_config-0] Register server push request handler:com.alibaba.nacos.client.config.impl.ClientWorker$ConfigRpcTransportClient$$Lambda$587/0x00000153ce391c50
16:39:58.113 [main] INFO  c.a.n.c.r.client - [printIfInfoEnabled,63] - [ab1b4076-347a-4f64-b05a-8158ea06d99e_config-0] Registry connection listener to current client:com.alibaba.nacos.client.config.impl.ClientWorker$ConfigRpcTransportClient$1
16:39:58.114 [main] INFO  c.a.n.c.r.client - [printIfInfoEnabled,63] - [ab1b4076-347a-4f64-b05a-8158ea06d99e_config-0] RpcClient init, ServerListFactory = com.alibaba.nacos.client.config.impl.ClientWorker$ConfigRpcTransportClient$2
16:39:58.121 [main] INFO  c.a.n.c.r.client - [printIfInfoEnabled,63] - [ab1b4076-347a-4f64-b05a-8158ea06d99e_config-0] Try to connect to server on start up, server: {serverIp = '192.168.6.100', server main port = 8848}
16:39:58.154 [main] INFO  c.a.n.c.r.c.g.GrpcClient - [createNewManagedChannel,182] - grpc client connection server:192.168.6.100 ip,serverPort:9848,grpcTslConfig:{"sslProvider":"OPENSSL","enableTls":false,"mutualAuthEnable":false,"trustAll":false}
16:39:58.940 [main] INFO  c.a.n.c.r.client - [printIfInfoEnabled,63] - [ab1b4076-347a-4f64-b05a-8158ea06d99e_config-0] Success to connect to server [192.168.6.100:8848] on start up, connectionId = 1780303198757_192.168.6.1_2179
16:39:58.940 [com.alibaba.nacos.client.remote.worker] INFO  c.a.n.c.r.client - [printIfInfoEnabled,63] - [ab1b4076-347a-4f64-b05a-8158ea06d99e_config-0] Notify connected event to listeners.
16:39:58.941 [com.alibaba.nacos.client.remote.worker] INFO  c.a.n.c.c.i.ClientWorker - [onConnected,639] - [ab1b4076-347a-4f64-b05a-8158ea06d99e_config-0] Connected,notify listen context...
16:39:58.941 [main] INFO  c.a.n.c.r.client - [printIfInfoEnabled,63] - [ab1b4076-347a-4f64-b05a-8158ea06d99e_config-0] Register server push request handler:com.alibaba.nacos.common.remote.client.RpcClient$ConnectResetRequestHandler
16:39:58.941 [main] INFO  c.a.n.c.r.client - [printIfInfoEnabled,63] - [ab1b4076-347a-4f64-b05a-8158ea06d99e_config-0] Register server push request handler:com.alibaba.nacos.common.remote.client.RpcClient$$Lambda$608/0x00000153ce4dbc38
16:39:58.973 [main] INFO  c.a.n.c.c.i.Limiter - [<clinit>,62] - limitTime:5.0
16:39:58.989 [main] INFO  c.a.n.c.c.u.JvmUtil - [<clinit>,54] - isMultiInstance:false
16:39:59.032 [main] INFO  c.s.s.SpzxSystemApplication - [logStartupProfileInfo,638] - The following 1 profile is active: "dev"
16:40:01.489 [main] INFO  o.a.c.h.Http11NioProtocol - [log,173] - Initializing ProtocolHandler ["http-nio-9201"]
16:40:01.490 [main] INFO  o.a.c.c.StandardService - [log,173] - Starting service [Tomcat]
16:40:01.490 [main] INFO  o.a.c.c.StandardEngine - [log,173] - Starting Servlet engine: [Apache Tomcat/10.1.7]
16:40:01.576 [main] INFO  o.a.c.c.C.[.[.[/] - [log,173] - Initializing Spring embedded WebApplicationContext
16:40:02.760 [main] INFO  c.z.h.HikariDataSource - [getConnection,110] - GuliHikariPool - Starting...
16:40:02.927 [main] INFO  c.z.h.p.HikariPool - [checkFailFast,565] - GuliHikariPool - Added connection com.mysql.cj.jdbc.ConnectionImpl@7fd7085d
16:40:02.930 [main] INFO  c.z.h.HikariDataSource - [getConnection,123] - GuliHikariPool - Start completed.
16:40:04.914 [main] INFO  c.a.c.s.SentinelWebMvcConfigurer - [addInterceptors,52] - [Sentinel Starter] register SentinelWebInterceptor with urlPatterns: [/**].
16:40:07.463 [main] INFO  o.a.c.h.Http11NioProtocol - [log,173] - Starting ProtocolHandler ["http-nio-9201"]
16:40:07.594 [main] INFO  c.a.n.client.naming - [initNamespaceForNaming,62] - initializer namespace from ans.namespace attribute : null
16:40:07.595 [main] INFO  c.a.n.client.naming - [lambda$initNamespaceForNaming$0,66] - initializer namespace from ALIBABA_ALIWARE_NAMESPACE attribute :null
16:40:07.596 [main] INFO  c.a.n.client.naming - [lambda$initNamespaceForNaming$1,73] - initializer namespace from namespace attribute :null
16:40:07.605 [main] INFO  c.a.n.p.a.s.c.ClientAuthPluginManager - [init,56] - [ClientAuthPluginManager] Load ClientAuthService com.alibaba.nacos.client.auth.impl.NacosClientAuthServiceImpl success.
16:40:07.605 [main] INFO  c.a.n.p.a.s.c.ClientAuthPluginManager - [init,56] - [ClientAuthPluginManager] Load ClientAuthService com.alibaba.nacos.client.auth.ram.RamClientAuthServiceImpl success.
16:40:07.610 [main] INFO  c.a.n.c.r.client - [lambda$createClient$0,108] - [RpcClientFactory] create a new rpc client of 3e240101-3b7c-44c9-81c6-613b7a294cfe
16:40:07.616 [main] INFO  c.a.n.c.r.client - [printIfInfoEnabled,63] - [3e240101-3b7c-44c9-81c6-613b7a294cfe] RpcClient init, ServerListFactory = com.alibaba.nacos.client.naming.core.ServerListManager
16:40:07.618 [main] INFO  c.a.n.c.r.client - [printIfInfoEnabled,63] - [3e240101-3b7c-44c9-81c6-613b7a294cfe] Registry connection listener to current client:com.alibaba.nacos.client.naming.remote.gprc.redo.NamingGrpcRedoService
16:40:07.620 [main] INFO  c.a.n.c.r.client - [printIfInfoEnabled,63] - [3e240101-3b7c-44c9-81c6-613b7a294cfe] Register server push request handler:com.alibaba.nacos.client.naming.remote.gprc.NamingPushRequestHandler
16:40:07.621 [main] INFO  c.a.n.c.r.client - [printIfInfoEnabled,63] - [3e240101-3b7c-44c9-81c6-613b7a294cfe] Try to connect to server on start up, server: {serverIp = '192.168.6.100', server main port = 8848}
16:40:07.622 [main] INFO  c.a.n.c.r.c.g.GrpcClient - [createNewManagedChannel,182] - grpc client connection server:192.168.6.100 ip,serverPort:9848,grpcTslConfig:{"sslProvider":"OPENSSL","enableTls":false,"mutualAuthEnable":false,"trustAll":false}
16:40:07.779 [main] INFO  c.a.n.c.r.client - [printIfInfoEnabled,63] - [3e240101-3b7c-44c9-81c6-613b7a294cfe] Success to connect to server [192.168.6.100:8848] on start up, connectionId = 1780303207675_192.168.6.1_2209
16:40:07.779 [main] INFO  c.a.n.c.r.client - [printIfInfoEnabled,63] - [3e240101-3b7c-44c9-81c6-613b7a294cfe] Register server push request handler:com.alibaba.nacos.common.remote.client.RpcClient$ConnectResetRequestHandler
16:40:07.779 [com.alibaba.nacos.client.remote.worker] INFO  c.a.n.c.r.client - [printIfInfoEnabled,63] - [3e240101-3b7c-44c9-81c6-613b7a294cfe] Notify connected event to listeners.
16:40:07.779 [main] INFO  c.a.n.c.r.client - [printIfInfoEnabled,63] - [3e240101-3b7c-44c9-81c6-613b7a294cfe] Register server push request handler:com.alibaba.nacos.common.remote.client.RpcClient$$Lambda$608/0x00000153ce4dbc38
16:40:07.779 [com.alibaba.nacos.client.remote.worker] INFO  c.a.n.client.naming - [onConnected,78] - Grpc connection connect
16:40:07.780 [main] INFO  c.a.n.client.naming - [registerService,121] - [REGISTER-SERVICE] public registering service spzx-system with instance Instance{instanceId='null', ip='192.168.31.176', port=9201, weight=1.0, healthy=true, enabled=true, ephemeral=true, clusterName='DEFAULT', serviceName='null', metadata={IPv6=null, preserved.register.source=SPRING_CLOUD}}
16:40:07.814 [main] INFO  c.a.c.n.r.NacosServiceRegistry - [register,76] - nacos registry, DEFAULT_GROUP spzx-system 192.168.31.176:9201 register finished
16:40:07.918 [main] INFO  c.s.s.SpzxSystemApplication - [logStarted,57] - Started SpzxSystemApplication in 11.503 seconds (process running for 12.458)
16:40:07.928 [main] INFO  c.a.n.c.c.i.CacheData - [<clinit>,67] - nacos.cache.data.init.snapshot = true 
16:40:07.928 [main] INFO  c.a.n.c.c.i.ClientWorker - [addCacheDataIfAbsent,380] - [fixed-192.168.6.100_8848] [subscribe] spzx-system.yml+DEFAULT_GROUP
16:40:07.935 [main] INFO  c.a.n.c.c.i.CacheData - [addListener,197] - [fixed-192.168.6.100_8848] [add-listener] ok, tenant=, dataId=spzx-system.yml, group=DEFAULT_GROUP, cnt=1
16:40:07.935 [main] INFO  c.a.c.n.r.NacosContextRefresher - [registerNacosListener,129] - [Nacos Config] Listening config: dataId=spzx-system.yml, group=DEFAULT_GROUP
16:40:07.947 [main] INFO  c.a.n.c.c.i.ClientWorker - [addCacheDataIfAbsent,380] - [fixed-192.168.6.100_8848] [subscribe] spzx-system-dev.yml+DEFAULT_GROUP
16:40:07.948 [main] INFO  c.a.n.c.c.i.CacheData - [addListener,197] - [fixed-192.168.6.100_8848] [add-listener] ok, tenant=, dataId=spzx-system-dev.yml, group=DEFAULT_GROUP, cnt=1
16:40:07.948 [main] INFO  c.a.c.n.r.NacosContextRefresher - [registerNacosListener,129] - [Nacos Config] Listening config: dataId=spzx-system-dev.yml, group=DEFAULT_GROUP
16:40:07.948 [main] INFO  c.a.n.c.c.i.ClientWorker - [addCacheDataIfAbsent,380] - [fixed-192.168.6.100_8848] [subscribe] spzx-system+DEFAULT_GROUP
16:40:07.948 [main] INFO  c.a.n.c.c.i.CacheData - [addListener,197] - [fixed-192.168.6.100_8848] [add-listener] ok, tenant=, dataId=spzx-system, group=DEFAULT_GROUP, cnt=1
16:40:07.948 [main] INFO  c.a.c.n.r.NacosContextRefresher - [registerNacosListener,129] - [Nacos Config] Listening config: dataId=spzx-system, group=DEFAULT_GROUP
16:40:08.446 [RMI TCP Connection(1)-192.168.31.176] INFO  o.a.c.c.C.[.[.[/] - [log,173] - Initializing Spring DispatcherServlet 'dispatcherServlet'
17:54:50.478 [SpringApplicationShutdownHook] INFO  c.a.c.n.r.NacosServiceRegistry - [deregister,95] - De-registering from Nacos Server now...
17:54:50.480 [SpringApplicationShutdownHook] INFO  c.a.n.client.naming - [deregisterService,217] - [DEREGISTER-SERVICE] public deregistering service spzx-system with instance: Instance{instanceId='null', ip='192.168.31.176', port=9201, weight=1.0, healthy=true, enabled=true, ephemeral=true, clusterName='DEFAULT', serviceName='null', metadata={}}
17:54:50.490 [SpringApplicationShutdownHook] INFO  c.a.c.n.r.NacosServiceRegistry - [deregister,115] - De-registration finished.
17:54:50.493 [SpringApplicationShutdownHook] INFO  c.a.n.client.naming - [shutdown,256] - com.alibaba.nacos.client.naming.cache.ServiceInfoHolder do shutdown begin
17:54:50.493 [SpringApplicationShutdownHook] INFO  c.a.n.client.naming - [shutdown,136] - com.alibaba.nacos.client.naming.backups.FailoverReactor do shutdown begin
17:54:50.493 [SpringApplicationShutdownHook] INFO  c.a.n.client.naming - [shutdown,138] - com.alibaba.nacos.client.naming.backups.FailoverReactor do shutdown stop
17:54:50.493 [SpringApplicationShutdownHook] INFO  c.a.n.client.naming - [shutdown,258] - com.alibaba.nacos.client.naming.cache.ServiceInfoHolder do shutdown stop
17:54:50.493 [SpringApplicationShutdownHook] INFO  c.a.n.client.naming - [shutdown,204] - com.alibaba.nacos.client.naming.remote.NamingClientProxyDelegate do shutdown begin
17:54:50.493 [SpringApplicationShutdownHook] INFO  c.a.n.client.naming - [shutdown,143] - com.alibaba.nacos.client.naming.core.ServiceInfoUpdateService do shutdown begin
17:54:50.494 [SpringApplicationShutdownHook] INFO  c.a.n.client.naming - [shutdown,145] - com.alibaba.nacos.client.naming.core.ServiceInfoUpdateService do shutdown stop
17:54:50.494 [SpringApplicationShutdownHook] INFO  c.a.n.client.naming - [shutdown,194] - com.alibaba.nacos.client.naming.core.ServerListManager do shutdown begin
17:54:50.494 [SpringApplicationShutdownHook] INFO  c.a.n.client.naming - [shutdown,199] - com.alibaba.nacos.client.naming.core.ServerListManager do shutdown stop
17:54:50.494 [SpringApplicationShutdownHook] INFO  c.a.n.client.naming - [shutdown,484] - com.alibaba.nacos.client.naming.remote.http.NamingHttpClientProxy do shutdown begin
17:54:50.494 [SpringApplicationShutdownHook] INFO  c.a.n.client.naming - [shutdown,486] - com.alibaba.nacos.client.naming.remote.http.NamingHttpClientProxy do shutdown stop
17:54:50.494 [SpringApplicationShutdownHook] INFO  c.a.n.c.r.client - [shutdown,429] - Shutdown rpc client, set status to shutdown
17:54:50.495 [SpringApplicationShutdownHook] INFO  c.a.n.c.r.client - [shutdown,431] - Shutdown client event executor java.util.concurrent.ScheduledThreadPoolExecutor@7f207cc3[Running, pool size = 2, active threads = 2, queued tasks = 0, completed tasks = 0]
17:54:50.495 [SpringApplicationShutdownHook] INFO  c.a.n.c.r.client - [closeConnection,584] - Close current connection 1780303207675_192.168.6.1_2209
17:54:50.496 [nacos-grpc-client-executor-192.168.6.100-946] INFO  c.a.n.c.r.c.g.GrpcClient - [printIfInfoEnabled,63] - [1780303207675_192.168.6.1_2209]Ignore complete event,isRunning:false,isAbandon=false
17:54:50.499 [SpringApplicationShutdownHook] INFO  c.a.n.c.r.c.g.GrpcClient - [shutdown,159] - Shutdown grpc executor java.util.concurrent.ThreadPoolExecutor@154f4e1a[Running, pool size = 4, active threads = 0, queued tasks = 0, completed tasks = 947]
17:54:50.499 [SpringApplicationShutdownHook] INFO  c.a.n.client.naming - [shutdown,318] - Shutdown grpc redo service executor java.util.concurrent.ScheduledThreadPoolExecutor@56f800b4[Running, pool size = 1, active threads = 0, queued tasks = 1, completed tasks = 1489]
17:54:50.500 [SpringApplicationShutdownHook] INFO  c.a.n.c.a.r.i.CredentialWatcher - [stop,106] - [null] CredentialWatcher is stopped
17:54:50.500 [SpringApplicationShutdownHook] INFO  c.a.n.c.a.r.i.CredentialService - [free,100] - [null] CredentialService is freed
17:54:50.500 [SpringApplicationShutdownHook] INFO  c.a.n.client.naming - [shutdown,211] - com.alibaba.nacos.client.naming.remote.NamingClientProxyDelegate do shutdown stop
17:54:50.634 [SpringApplicationShutdownHook] INFO  c.z.h.HikariDataSource - [close,350] - GuliHikariPool - Shutdown initiated...
17:54:50.635 [SpringApplicationShutdownHook] INFO  c.z.h.HikariDataSource - [close,352] - GuliHikariPool - Shutdown completed.
18:08:37.033 [background-preinit] INFO  o.h.v.i.util.Version - [<clinit>,21] - HV000001: Hibernate Validator 8.0.0.Final
18:08:37.361 [main] INFO  c.a.n.c.u.ParamUtil - [<clinit>,87] - [settings] [req-serv] nacos-server port:8848
18:08:37.362 [main] INFO  c.a.n.c.u.ParamUtil - [<clinit>,98] - [settings] [http-client] connect timeout:1000
18:08:37.364 [main] INFO  c.a.n.c.u.ParamUtil - [<clinit>,105] - PER_TASK_CONFIG_SIZE: 3000.0
18:08:37.398 [main] INFO  c.a.n.p.a.s.c.ClientAuthPluginManager - [init,56] - [ClientAuthPluginManager] Load ClientAuthService com.alibaba.nacos.client.auth.impl.NacosClientAuthServiceImpl success.
18:08:37.398 [main] INFO  c.a.n.p.a.s.c.ClientAuthPluginManager - [init,56] - [ClientAuthPluginManager] Load ClientAuthService com.alibaba.nacos.client.auth.ram.RamClientAuthServiceImpl success.
18:08:37.403 [main] INFO  c.a.n.c.a.r.i.CredentialWatcher - [loadCredential,165] - null No credential found
18:08:37.902 [main] INFO  c.a.n.c.c.i.LocalConfigInfoProcessor - [<clinit>,63] - LOCAL_SNAPSHOT_PATH:C:\Users\30371\nacos\config
18:08:37.907 [main] INFO  c.a.n.c.r.client - [lambda$createClient$0,108] - [RpcClientFactory] create a new rpc client of 38cb32cf-9b34-49ef-9403-84dc6ed2b93f_config-0
18:08:37.929 [main] INFO  c.a.n.c.r.client - [printIfInfoEnabled,63] - [38cb32cf-9b34-49ef-9403-84dc6ed2b93f_config-0] Register server push request handler:com.alibaba.nacos.client.config.impl.ClientWorker$ConfigRpcTransportClient$$Lambda$586/0x000002ba57392e60
18:08:37.930 [main] INFO  c.a.n.c.r.client - [printIfInfoEnabled,63] - [38cb32cf-9b34-49ef-9403-84dc6ed2b93f_config-0] Register server push request handler:com.alibaba.nacos.client.config.impl.ClientWorker$ConfigRpcTransportClient$$Lambda$587/0x000002ba57393280
18:08:37.930 [main] INFO  c.a.n.c.r.client - [printIfInfoEnabled,63] - [38cb32cf-9b34-49ef-9403-84dc6ed2b93f_config-0] Registry connection listener to current client:com.alibaba.nacos.client.config.impl.ClientWorker$ConfigRpcTransportClient$1
18:08:37.931 [main] INFO  c.a.n.c.r.client - [printIfInfoEnabled,63] - [38cb32cf-9b34-49ef-9403-84dc6ed2b93f_config-0] RpcClient init, ServerListFactory = com.alibaba.nacos.client.config.impl.ClientWorker$ConfigRpcTransportClient$2
18:08:37.940 [main] INFO  c.a.n.c.r.client - [printIfInfoEnabled,63] - [38cb32cf-9b34-49ef-9403-84dc6ed2b93f_config-0] Try to connect to server on start up, server: {serverIp = '192.168.6.100', server main port = 8848}
18:08:37.990 [main] INFO  c.a.n.c.r.c.g.GrpcClient - [createNewManagedChannel,182] - grpc client connection server:192.168.6.100 ip,serverPort:9848,grpcTslConfig:{"sslProvider":"OPENSSL","enableTls":false,"mutualAuthEnable":false,"trustAll":false}
18:08:39.180 [main] INFO  c.a.n.c.r.client - [printIfInfoEnabled,63] - [38cb32cf-9b34-49ef-9403-84dc6ed2b93f_config-0] Success to connect to server [192.168.6.100:8848] on start up, connectionId = 1780308518954_192.168.6.1_5169
18:08:39.181 [com.alibaba.nacos.client.remote.worker] INFO  c.a.n.c.r.client - [printIfInfoEnabled,63] - [38cb32cf-9b34-49ef-9403-84dc6ed2b93f_config-0] Notify connected event to listeners.
18:08:39.181 [main] INFO  c.a.n.c.r.client - [printIfInfoEnabled,63] - [38cb32cf-9b34-49ef-9403-84dc6ed2b93f_config-0] Register server push request handler:com.alibaba.nacos.common.remote.client.RpcClient$ConnectResetRequestHandler
18:08:39.181 [com.alibaba.nacos.client.remote.worker] INFO  c.a.n.c.c.i.ClientWorker - [onConnected,639] - [38cb32cf-9b34-49ef-9403-84dc6ed2b93f_config-0] Connected,notify listen context...
18:08:39.182 [main] INFO  c.a.n.c.r.client - [printIfInfoEnabled,63] - [38cb32cf-9b34-49ef-9403-84dc6ed2b93f_config-0] Register server push request handler:com.alibaba.nacos.common.remote.client.RpcClient$$Lambda$608/0x000002ba574dcaf8
18:08:39.236 [main] INFO  c.a.n.c.c.i.Limiter - [<clinit>,62] - limitTime:5.0
18:08:39.258 [main] INFO  c.a.n.c.c.u.JvmUtil - [<clinit>,54] - isMultiInstance:false
18:08:39.316 [main] INFO  c.s.s.SpzxSystemApplication - [logStartupProfileInfo,638] - The following 1 profile is active: "dev"
18:08:42.672 [main] INFO  o.a.c.h.Http11NioProtocol - [log,173] - Initializing ProtocolHandler ["http-nio-9201"]
18:08:42.673 [main] INFO  o.a.c.c.StandardService - [log,173] - Starting service [Tomcat]
18:08:42.673 [main] INFO  o.a.c.c.StandardEngine - [log,173] - Starting Servlet engine: [Apache Tomcat/10.1.7]
18:08:42.770 [main] INFO  o.a.c.c.C.[.[.[/] - [log,173] - Initializing Spring embedded WebApplicationContext
18:08:43.964 [main] INFO  c.z.h.HikariDataSource - [getConnection,110] - GuliHikariPool - Starting...
18:08:44.146 [main] INFO  c.z.h.p.HikariPool - [checkFailFast,565] - GuliHikariPool - Added connection com.mysql.cj.jdbc.ConnectionImpl@7fd7085d
18:08:44.149 [main] INFO  c.z.h.HikariDataSource - [getConnection,123] - GuliHikariPool - Start completed.
18:08:46.898 [main] INFO  c.a.c.s.SentinelWebMvcConfigurer - [addInterceptors,52] - [Sentinel Starter] register SentinelWebInterceptor with urlPatterns: [/**].
18:08:51.294 [main] INFO  o.a.c.h.Http11NioProtocol - [log,173] - Starting ProtocolHandler ["http-nio-9201"]
18:08:51.518 [main] INFO  c.a.n.client.naming - [initNamespaceForNaming,62] - initializer namespace from ans.namespace attribute : null
18:08:51.520 [main] INFO  c.a.n.client.naming - [lambda$initNamespaceForNaming$0,66] - initializer namespace from ALIBABA_ALIWARE_NAMESPACE attribute :null
18:08:51.520 [main] INFO  c.a.n.client.naming - [lambda$initNamespaceForNaming$1,73] - initializer namespace from namespace attribute :null
18:08:51.534 [main] INFO  c.a.n.p.a.s.c.ClientAuthPluginManager - [init,56] - [ClientAuthPluginManager] Load ClientAuthService com.alibaba.nacos.client.auth.impl.NacosClientAuthServiceImpl success.
18:08:51.534 [main] INFO  c.a.n.p.a.s.c.ClientAuthPluginManager - [init,56] - [ClientAuthPluginManager] Load ClientAuthService com.alibaba.nacos.client.auth.ram.RamClientAuthServiceImpl success.
18:08:51.541 [main] INFO  c.a.n.c.r.client - [lambda$createClient$0,108] - [RpcClientFactory] create a new rpc client of 95d7970f-bb5a-4799-afce-c0778840762c
18:08:51.544 [main] INFO  c.a.n.c.r.client - [printIfInfoEnabled,63] - [95d7970f-bb5a-4799-afce-c0778840762c] RpcClient init, ServerListFactory = com.alibaba.nacos.client.naming.core.ServerListManager
18:08:51.544 [main] INFO  c.a.n.c.r.client - [printIfInfoEnabled,63] - [95d7970f-bb5a-4799-afce-c0778840762c] Registry connection listener to current client:com.alibaba.nacos.client.naming.remote.gprc.redo.NamingGrpcRedoService
18:08:51.545 [main] INFO  c.a.n.c.r.client - [printIfInfoEnabled,63] - [95d7970f-bb5a-4799-afce-c0778840762c] Register server push request handler:com.alibaba.nacos.client.naming.remote.gprc.NamingPushRequestHandler
18:08:51.546 [main] INFO  c.a.n.c.r.client - [printIfInfoEnabled,63] - [95d7970f-bb5a-4799-afce-c0778840762c] Try to connect to server on start up, server: {serverIp = '192.168.6.100', server main port = 8848}
18:08:51.546 [main] INFO  c.a.n.c.r.c.g.GrpcClient - [createNewManagedChannel,182] - grpc client connection server:192.168.6.100 ip,serverPort:9848,grpcTslConfig:{"sslProvider":"OPENSSL","enableTls":false,"mutualAuthEnable":false,"trustAll":false}
18:08:51.686 [main] INFO  c.a.n.c.r.client - [printIfInfoEnabled,63] - [95d7970f-bb5a-4799-afce-c0778840762c] Success to connect to server [192.168.6.100:8848] on start up, connectionId = 1780308531584_192.168.6.1_5222
18:08:51.687 [main] INFO  c.a.n.c.r.client - [printIfInfoEnabled,63] - [95d7970f-bb5a-4799-afce-c0778840762c] Register server push request handler:com.alibaba.nacos.common.remote.client.RpcClient$ConnectResetRequestHandler
18:08:51.687 [com.alibaba.nacos.client.remote.worker] INFO  c.a.n.c.r.client - [printIfInfoEnabled,63] - [95d7970f-bb5a-4799-afce-c0778840762c] Notify connected event to listeners.
18:08:51.687 [main] INFO  c.a.n.c.r.client - [printIfInfoEnabled,63] - [95d7970f-bb5a-4799-afce-c0778840762c] Register server push request handler:com.alibaba.nacos.common.remote.client.RpcClient$$Lambda$608/0x000002ba574dcaf8
18:08:51.687 [com.alibaba.nacos.client.remote.worker] INFO  c.a.n.client.naming - [onConnected,78] - Grpc connection connect
18:08:51.688 [main] INFO  c.a.n.client.naming - [registerService,121] - [REGISTER-SERVICE] public registering service spzx-system with instance Instance{instanceId='null', ip='192.168.31.176', port=9201, weight=1.0, healthy=true, enabled=true, ephemeral=true, clusterName='DEFAULT', serviceName='null', metadata={IPv6=null, preserved.register.source=SPRING_CLOUD}}
18:08:51.710 [main] INFO  c.a.c.n.r.NacosServiceRegistry - [register,76] - nacos registry, DEFAULT_GROUP spzx-system 192.168.31.176:9201 register finished
18:08:51.873 [main] INFO  c.s.s.SpzxSystemApplication - [logStarted,57] - Started SpzxSystemApplication in 15.64 seconds (process running for 16.637)
18:08:51.892 [main] INFO  c.a.n.c.c.i.CacheData - [<clinit>,67] - nacos.cache.data.init.snapshot = true 
18:08:51.893 [main] INFO  c.a.n.c.c.i.ClientWorker - [addCacheDataIfAbsent,380] - [fixed-192.168.6.100_8848] [subscribe] spzx-system.yml+DEFAULT_GROUP
18:08:51.905 [main] INFO  c.a.n.c.c.i.CacheData - [addListener,197] - [fixed-192.168.6.100_8848] [add-listener] ok, tenant=, dataId=spzx-system.yml, group=DEFAULT_GROUP, cnt=1
18:08:51.906 [main] INFO  c.a.c.n.r.NacosContextRefresher - [registerNacosListener,129] - [Nacos Config] Listening config: dataId=spzx-system.yml, group=DEFAULT_GROUP
18:08:51.997 [main] INFO  c.a.n.c.c.i.ClientWorker - [addCacheDataIfAbsent,380] - [fixed-192.168.6.100_8848] [subscribe] spzx-system-dev.yml+DEFAULT_GROUP
18:08:51.997 [main] INFO  c.a.n.c.c.i.CacheData - [addListener,197] - [fixed-192.168.6.100_8848] [add-listener] ok, tenant=, dataId=spzx-system-dev.yml, group=DEFAULT_GROUP, cnt=1
18:08:51.997 [main] INFO  c.a.c.n.r.NacosContextRefresher - [registerNacosListener,129] - [Nacos Config] Listening config: dataId=spzx-system-dev.yml, group=DEFAULT_GROUP
18:08:51.998 [main] INFO  c.a.n.c.c.i.ClientWorker - [addCacheDataIfAbsent,380] - [fixed-192.168.6.100_8848] [subscribe] spzx-system+DEFAULT_GROUP
18:08:51.999 [main] INFO  c.a.n.c.c.i.CacheData - [addListener,197] - [fixed-192.168.6.100_8848] [add-listener] ok, tenant=, dataId=spzx-system, group=DEFAULT_GROUP, cnt=1
18:08:51.999 [main] INFO  c.a.c.n.r.NacosContextRefresher - [registerNacosListener,129] - [Nacos Config] Listening config: dataId=spzx-system, group=DEFAULT_GROUP
18:08:52.409 [RMI TCP Connection(2)-192.168.31.176] INFO  o.a.c.c.C.[.[.[/] - [log,173] - Initializing Spring DispatcherServlet 'dispatcherServlet'
23:23:31.168 [lettuce-nioEventLoop-4-1] INFO  i.l.c.p.CommandHandler - [log,217] - null Unexpected exception during request: java.net.SocketException: Connection reset
java.net.SocketException: Connection reset
	at java.base/sun.nio.ch.SocketChannelImpl.throwConnectionReset(SocketChannelImpl.java:394)
	at java.base/sun.nio.ch.SocketChannelImpl.read(SocketChannelImpl.java:426)
	at io.netty.buffer.PooledByteBuf.setBytes(PooledByteBuf.java:256)
	at io.netty.buffer.AbstractByteBuf.writeBytes(AbstractByteBuf.java:1132)
	at io.netty.channel.socket.nio.NioSocketChannel.doReadBytes(NioSocketChannel.java:357)
	at io.netty.channel.nio.AbstractNioByteChannel$NioByteUnsafe.read(AbstractNioByteChannel.java:151)
	at io.netty.channel.nio.NioEventLoop.processSelectedKey(NioEventLoop.java:788)
	at io.netty.channel.nio.NioEventLoop.processSelectedKeysOptimized(NioEventLoop.java:724)
	at io.netty.channel.nio.NioEventLoop.processSelectedKeys(NioEventLoop.java:650)
	at io.netty.channel.nio.NioEventLoop.run(NioEventLoop.java:562)
	at io.netty.util.concurrent.SingleThreadEventExecutor$4.run(SingleThreadEventExecutor.java:997)
	at io.netty.util.internal.ThreadExecutorMap$2.run(ThreadExecutorMap.java:74)
	at io.netty.util.concurrent.FastThreadLocalRunnable.run(FastThreadLocalRunnable.java:30)
	at java.base/java.lang.Thread.run(Thread.java:840)
23:23:31.171 [lettuce-nioEventLoop-4-2] INFO  i.l.c.p.CommandHandler - [log,217] - null Unexpected exception during request: java.net.SocketException: Connection reset
java.net.SocketException: Connection reset
	at java.base/sun.nio.ch.SocketChannelImpl.throwConnectionReset(SocketChannelImpl.java:394)
	at java.base/sun.nio.ch.SocketChannelImpl.read(SocketChannelImpl.java:426)
	at io.netty.buffer.PooledByteBuf.setBytes(PooledByteBuf.java:256)
	at io.netty.buffer.AbstractByteBuf.writeBytes(AbstractByteBuf.java:1132)
	at io.netty.channel.socket.nio.NioSocketChannel.doReadBytes(NioSocketChannel.java:357)
	at io.netty.channel.nio.AbstractNioByteChannel$NioByteUnsafe.read(AbstractNioByteChannel.java:151)
	at io.netty.channel.nio.NioEventLoop.processSelectedKey(NioEventLoop.java:788)
	at io.netty.channel.nio.NioEventLoop.processSelectedKeysOptimized(NioEventLoop.java:724)
	at io.netty.channel.nio.NioEventLoop.processSelectedKeys(NioEventLoop.java:650)
	at io.netty.channel.nio.NioEventLoop.run(NioEventLoop.java:562)
	at io.netty.util.concurrent.SingleThreadEventExecutor$4.run(SingleThreadEventExecutor.java:997)
	at io.netty.util.internal.ThreadExecutorMap$2.run(ThreadExecutorMap.java:74)
	at io.netty.util.concurrent.FastThreadLocalRunnable.run(FastThreadLocalRunnable.java:30)
	at java.base/java.lang.Thread.run(Thread.java:840)
23:23:31.439 [lettuce-eventExecutorLoop-1-12] INFO  i.l.c.p.ConnectionWatchdog - [log,171] - Reconnecting, last destination was /192.168.6.100:6379
23:23:31.544 [lettuce-eventExecutorLoop-1-11] INFO  i.l.c.p.ConnectionWatchdog - [log,171] - Reconnecting, last destination was /192.168.6.100:6379
23:23:36.595 [lettuce-eventExecutorLoop-1-1] INFO  i.l.c.p.ConnectionWatchdog - [log,171] - Reconnecting, last destination was 192.168.6.100/<unresolved>:6379
23:23:36.695 [lettuce-eventExecutorLoop-1-2] INFO  i.l.c.p.ConnectionWatchdog - [log,171] - Reconnecting, last destination was 192.168.6.100/<unresolved>:6379
23:23:40.331 [com.alibaba.nacos.client.remote.worker] INFO  c.a.n.c.r.client - [printIfInfoEnabled,63] - [38cb32cf-9b34-49ef-9403-84dc6ed2b93f_config-0] Server healthy check fail, currentConnection = 1780308518954_192.168.6.1_5169
23:23:40.333 [com.alibaba.nacos.client.remote.worker] INFO  c.a.n.c.r.client - [printIfInfoEnabled,63] - [38cb32cf-9b34-49ef-9403-84dc6ed2b93f_config-0] Try to reconnect to a new server, server is  not appointed, will choose a random server.
23:23:40.340 [com.alibaba.nacos.client.remote.worker] INFO  c.a.n.c.r.client - [printIfInfoEnabled,63] - [95d7970f-bb5a-4799-afce-c0778840762c] Server healthy check fail, currentConnection = 1780308531584_192.168.6.1_5222
23:23:40.340 [com.alibaba.nacos.client.remote.worker] INFO  c.a.n.c.r.client - [printIfInfoEnabled,63] - [95d7970f-bb5a-4799-afce-c0778840762c] Try to reconnect to a new server, server is  not appointed, will choose a random server.
23:23:40.348 [com.alibaba.nacos.client.remote.worker] INFO  c.a.n.c.r.c.g.GrpcClient - [createNewManagedChannel,182] - grpc client connection server:192.168.6.100 ip,serverPort:9848,grpcTslConfig:{"sslProvider":"OPENSSL","enableTls":false,"mutualAuthEnable":false,"trustAll":false}
23:23:40.348 [com.alibaba.nacos.client.remote.worker] INFO  c.a.n.c.r.c.g.GrpcClient - [createNewManagedChannel,182] - grpc client connection server:192.168.6.100 ip,serverPort:9848,grpcTslConfig:{"sslProvider":"OPENSSL","enableTls":false,"mutualAuthEnable":false,"trustAll":false}
23:23:40.599 [com.alibaba.nacos.client.remote.worker] INFO  c.a.n.c.r.c.g.GrpcClient - [createNewManagedChannel,182] - grpc client connection server:192.168.6.100 ip,serverPort:9848,grpcTslConfig:{"sslProvider":"OPENSSL","enableTls":false,"mutualAuthEnable":false,"trustAll":false}
23:23:40.601 [com.alibaba.nacos.client.remote.worker] INFO  c.a.n.c.r.c.g.GrpcClient - [createNewManagedChannel,182] - grpc client connection server:192.168.6.100 ip,serverPort:9848,grpcTslConfig:{"sslProvider":"OPENSSL","enableTls":false,"mutualAuthEnable":false,"trustAll":false}
23:23:40.627 [com.alibaba.nacos.client.remote.worker] INFO  c.a.n.c.r.client - [printIfInfoEnabled,63] - [38cb32cf-9b34-49ef-9403-84dc6ed2b93f_config-0] Fail to connect server, after trying 1 times, last try server is {serverIp = '192.168.6.100', server main port = 8848}, error = unknown
23:23:40.627 [com.alibaba.nacos.client.remote.worker] INFO  c.a.n.c.r.client - [printIfInfoEnabled,63] - [95d7970f-bb5a-4799-afce-c0778840762c] Fail to connect server, after trying 1 times, last try server is {serverIp = '192.168.6.100', server main port = 8848}, error = unknown
23:23:40.828 [com.alibaba.nacos.client.remote.worker] INFO  c.a.n.c.r.c.g.GrpcClient - [createNewManagedChannel,182] - grpc client connection server:192.168.6.100 ip,serverPort:9848,grpcTslConfig:{"sslProvider":"OPENSSL","enableTls":false,"mutualAuthEnable":false,"trustAll":false}
23:23:40.828 [com.alibaba.nacos.client.remote.worker] INFO  c.a.n.c.r.c.g.GrpcClient - [createNewManagedChannel,182] - grpc client connection server:192.168.6.100 ip,serverPort:9848,grpcTslConfig:{"sslProvider":"OPENSSL","enableTls":false,"mutualAuthEnable":false,"trustAll":false}
23:23:40.854 [com.alibaba.nacos.client.remote.worker] INFO  c.a.n.c.r.client - [printIfInfoEnabled,63] - [95d7970f-bb5a-4799-afce-c0778840762c] Fail to connect server, after trying 2 times, last try server is {serverIp = '192.168.6.100', server main port = 8848}, error = unknown
23:23:40.861 [com.alibaba.nacos.client.remote.worker] INFO  c.a.n.c.r.client - [printIfInfoEnabled,63] - [38cb32cf-9b34-49ef-9403-84dc6ed2b93f_config-0] Fail to connect server, after trying 2 times, last try server is {serverIp = '192.168.6.100', server main port = 8848}, error = unknown
23:23:41.162 [com.alibaba.nacos.client.remote.worker] INFO  c.a.n.c.r.c.g.GrpcClient - [createNewManagedChannel,182] - grpc client connection server:192.168.6.100 ip,serverPort:9848,grpcTslConfig:{"sslProvider":"OPENSSL","enableTls":false,"mutualAuthEnable":false,"trustAll":false}
23:23:41.164 [com.alibaba.nacos.client.remote.worker] INFO  c.a.n.c.r.c.g.GrpcClient - [createNewManagedChannel,182] - grpc client connection server:192.168.6.100 ip,serverPort:9848,grpcTslConfig:{"sslProvider":"OPENSSL","enableTls":false,"mutualAuthEnable":false,"trustAll":false}
23:23:41.199 [com.alibaba.nacos.client.remote.worker] INFO  c.a.n.c.r.client - [printIfInfoEnabled,63] - [95d7970f-bb5a-4799-afce-c0778840762c] Fail to connect server, after trying 3 times, last try server is {serverIp = '192.168.6.100', server main port = 8848}, error = unknown
23:23:41.199 [com.alibaba.nacos.client.remote.worker] INFO  c.a.n.c.r.client - [printIfInfoEnabled,63] - [38cb32cf-9b34-49ef-9403-84dc6ed2b93f_config-0] Fail to connect server, after trying 3 times, last try server is {serverIp = '192.168.6.100', server main port = 8848}, error = unknown
23:23:41.601 [com.alibaba.nacos.client.remote.worker] INFO  c.a.n.c.r.c.g.GrpcClient - [createNewManagedChannel,182] - grpc client connection server:192.168.6.100 ip,serverPort:9848,grpcTslConfig:{"sslProvider":"OPENSSL","enableTls":false,"mutualAuthEnable":false,"trustAll":false}
23:23:41.602 [com.alibaba.nacos.client.remote.worker] INFO  c.a.n.c.r.c.g.GrpcClient - [createNewManagedChannel,182] - grpc client connection server:192.168.6.100 ip,serverPort:9848,grpcTslConfig:{"sslProvider":"OPENSSL","enableTls":false,"mutualAuthEnable":false,"trustAll":false}
23:23:41.655 [com.alibaba.nacos.client.remote.worker] INFO  c.a.n.c.r.client - [printIfInfoEnabled,63] - [95d7970f-bb5a-4799-afce-c0778840762c] Fail to connect server, after trying 4 times, last try server is {serverIp = '192.168.6.100', server main port = 8848}, error = unknown
23:23:41.657 [com.alibaba.nacos.client.remote.worker] INFO  c.a.n.c.r.client - [printIfInfoEnabled,63] - [38cb32cf-9b34-49ef-9403-84dc6ed2b93f_config-0] Fail to connect server, after trying 4 times, last try server is {serverIp = '192.168.6.100', server main port = 8848}, error = unknown
23:23:42.159 [com.alibaba.nacos.client.remote.worker] INFO  c.a.n.c.r.c.g.GrpcClient - [createNewManagedChannel,182] - grpc client connection server:192.168.6.100 ip,serverPort:9848,grpcTslConfig:{"sslProvider":"OPENSSL","enableTls":false,"mutualAuthEnable":false,"trustAll":false}
23:23:42.160 [com.alibaba.nacos.client.remote.worker] INFO  c.a.n.c.r.c.g.GrpcClient - [createNewManagedChannel,182] - grpc client connection server:192.168.6.100 ip,serverPort:9848,grpcTslConfig:{"sslProvider":"OPENSSL","enableTls":false,"mutualAuthEnable":false,"trustAll":false}
23:23:42.188 [com.alibaba.nacos.client.remote.worker] INFO  c.a.n.c.r.client - [printIfInfoEnabled,63] - [95d7970f-bb5a-4799-afce-c0778840762c] Fail to connect server, after trying 5 times, last try server is {serverIp = '192.168.6.100', server main port = 8848}, error = unknown
23:23:42.191 [com.alibaba.nacos.client.remote.worker] INFO  c.a.n.c.r.client - [printIfInfoEnabled,63] - [38cb32cf-9b34-49ef-9403-84dc6ed2b93f_config-0] Fail to connect server, after trying 5 times, last try server is {serverIp = '192.168.6.100', server main port = 8848}, error = unknown
23:23:42.789 [com.alibaba.nacos.client.remote.worker] INFO  c.a.n.c.r.c.g.GrpcClient - [createNewManagedChannel,182] - grpc client connection server:192.168.6.100 ip,serverPort:9848,grpcTslConfig:{"sslProvider":"OPENSSL","enableTls":false,"mutualAuthEnable":false,"trustAll":false}
23:23:43.231 [com.alibaba.nacos.client.remote.worker] INFO  c.a.n.c.r.c.g.GrpcClient - [createNewManagedChannel,182] - grpc client connection server:192.168.6.100 ip,serverPort:9848,grpcTslConfig:{"sslProvider":"OPENSSL","enableTls":false,"mutualAuthEnable":false,"trustAll":false}
23:23:43.252 [com.alibaba.nacos.client.remote.worker] INFO  c.a.n.c.r.client - [printIfInfoEnabled,63] - [38cb32cf-9b34-49ef-9403-84dc6ed2b93f_config-0] Fail to connect server, after trying 6 times, last try server is {serverIp = '192.168.6.100', server main port = 8848}, error = unknown
23:23:43.253 [com.alibaba.nacos.client.remote.worker] INFO  c.a.n.c.r.client - [printIfInfoEnabled,63] - [95d7970f-bb5a-4799-afce-c0778840762c] Fail to connect server, after trying 6 times, last try server is {serverIp = '192.168.6.100', server main port = 8848}, error = unknown
