15:53:51.676 [background-preinit] INFO  o.h.v.i.util.Version - [<clinit>,21] - HV000001: Hibernate Validator 8.0.0.Final
15:53:52.216 [main] INFO  c.a.n.c.u.ParamUtil - [<clinit>,87] - [settings] [req-serv] nacos-server port:8848
15:53:52.217 [main] INFO  c.a.n.c.u.ParamUtil - [<clinit>,98] - [settings] [http-client] connect timeout:1000
15:53:52.219 [main] INFO  c.a.n.c.u.ParamUtil - [<clinit>,105] - PER_TASK_CONFIG_SIZE: 3000.0
15:53:52.276 [main] INFO  c.a.n.p.a.s.c.ClientAuthPluginManager - [init,56] - [ClientAuthPluginManager] Load ClientAuthService com.alibaba.nacos.client.auth.impl.NacosClientAuthServiceImpl success.
15:53:52.276 [main] INFO  c.a.n.p.a.s.c.ClientAuthPluginManager - [init,56] - [ClientAuthPluginManager] Load ClientAuthService com.alibaba.nacos.client.auth.ram.RamClientAuthServiceImpl success.
15:53:52.293 [main] INFO  c.a.n.c.a.r.i.CredentialWatcher - [loadCredential,165] - null No credential found
15:53:53.513 [main] INFO  c.a.n.c.c.i.LocalConfigInfoProcessor - [<clinit>,63] - LOCAL_SNAPSHOT_PATH:C:\Users\zy\nacos\config
15:53:53.520 [main] INFO  c.a.n.c.r.client - [lambda$createClient$0,108] - [RpcClientFactory] create a new rpc client of 31c807de-be2d-4635-b8c6-d249c4f71ee9_config-0
15:53:53.547 [main] INFO  c.a.n.c.r.client - [printIfInfoEnabled,63] - [31c807de-be2d-4635-b8c6-d249c4f71ee9_config-0] Register server push request handler:com.alibaba.nacos.client.config.impl.ClientWorker$ConfigRpcTransportClient$$Lambda$573/0x0000000800f5eb58
15:53:53.548 [main] INFO  c.a.n.c.r.client - [printIfInfoEnabled,63] - [31c807de-be2d-4635-b8c6-d249c4f71ee9_config-0] Register server push request handler:com.alibaba.nacos.client.config.impl.ClientWorker$ConfigRpcTransportClient$$Lambda$574/0x0000000800f5ef78
15:53:53.549 [main] INFO  c.a.n.c.r.client - [printIfInfoEnabled,63] - [31c807de-be2d-4635-b8c6-d249c4f71ee9_config-0] Registry connection listener to current client:com.alibaba.nacos.client.config.impl.ClientWorker$ConfigRpcTransportClient$1
15:53:53.549 [main] INFO  c.a.n.c.r.client - [printIfInfoEnabled,63] - [31c807de-be2d-4635-b8c6-d249c4f71ee9_config-0] RpcClient init, ServerListFactory = com.alibaba.nacos.client.config.impl.ClientWorker$ConfigRpcTransportClient$2
15:53:53.562 [main] INFO  c.a.n.c.r.client - [printIfInfoEnabled,63] - [31c807de-be2d-4635-b8c6-d249c4f71ee9_config-0] Try to connect to server on start up, server: {serverIp = '192.168.6.100', server main port = 8848}
15:53:53.667 [main] INFO  c.a.n.c.r.c.g.GrpcClient - [createNewManagedChannel,182] - grpc client connection server:192.168.6.100 ip,serverPort:9848,grpcTslConfig:{"sslProvider":"OPENSSL","enableTls":false,"mutualAuthEnable":false,"trustAll":false}
15:53:55.772 [main] INFO  c.a.n.c.r.client - [printIfInfoEnabled,63] - [31c807de-be2d-4635-b8c6-d249c4f71ee9_config-0] Success to connect to server [192.168.6.100:8848] on start up, connectionId = 1730706835547_192.168.6.1_64602
15:53:55.772 [com.alibaba.nacos.client.remote.worker] INFO  c.a.n.c.r.client - [printIfInfoEnabled,63] - [31c807de-be2d-4635-b8c6-d249c4f71ee9_config-0] Notify connected event to listeners.
15:53:55.773 [com.alibaba.nacos.client.remote.worker] INFO  c.a.n.c.c.i.ClientWorker - [onConnected,639] - [31c807de-be2d-4635-b8c6-d249c4f71ee9_config-0] Connected,notify listen context...
15:53:55.774 [main] INFO  c.a.n.c.r.client - [printIfInfoEnabled,63] - [31c807de-be2d-4635-b8c6-d249c4f71ee9_config-0] Register server push request handler:com.alibaba.nacos.common.remote.client.RpcClient$ConnectResetRequestHandler
15:53:55.774 [main] INFO  c.a.n.c.r.client - [printIfInfoEnabled,63] - [31c807de-be2d-4635-b8c6-d249c4f71ee9_config-0] Register server push request handler:com.alibaba.nacos.common.remote.client.RpcClient$$Lambda$594/0x00000008010e6358
15:53:55.866 [main] INFO  c.a.n.c.c.i.Limiter - [<clinit>,62] - limitTime:5.0
15:53:55.890 [main] INFO  c.a.n.c.c.u.JvmUtil - [<clinit>,54] - isMultiInstance:false
15:53:55.962 [main] INFO  c.s.j.SpzxJobApplication - [logStartupProfileInfo,638] - The following 1 profile is active: "dev"
15:54:01.976 [main] INFO  o.a.c.h.Http11NioProtocol - [log,173] - Initializing ProtocolHandler ["http-nio-9203"]
15:54:01.978 [main] INFO  o.a.c.c.StandardService - [log,173] - Starting service [Tomcat]
15:54:01.979 [main] INFO  o.a.c.c.StandardEngine - [log,173] - Starting Servlet engine: [Apache Tomcat/10.1.7]
15:54:02.202 [main] INFO  o.a.c.c.C.[.[.[/] - [log,173] - Initializing Spring embedded WebApplicationContext
15:54:03.035 [main] INFO  o.q.i.StdSchedulerFactory - [instantiate,1220] - Using default implementation for ThreadExecutor
15:54:03.065 [main] INFO  o.q.c.SchedulerSignalerImpl - [<init>,61] - Initialized Scheduler Signaller of type: class org.quartz.core.SchedulerSignalerImpl
15:54:03.065 [main] INFO  o.q.c.QuartzScheduler - [<init>,229] - Quartz Scheduler v.2.3.2 created.
15:54:03.085 [main] INFO  c.z.h.HikariDataSource - [getConnection,110] - HikariPool-1 - Starting...
15:54:03.425 [main] INFO  c.z.h.p.HikariPool - [checkFailFast,565] - HikariPool-1 - Added connection com.mysql.cj.jdbc.ConnectionImpl@643a73fa
15:54:03.430 [main] INFO  c.z.h.HikariDataSource - [getConnection,123] - HikariPool-1 - Start completed.
15:54:03.458 [main] INFO  o.q.c.QuartzScheduler - [initialize,294] - Scheduler meta-data: Quartz Scheduler (v2.3.2) 'RuoyiScheduler' with instanceId 'atguigu1730706843041'
  Scheduler class: 'org.quartz.core.QuartzScheduler' - running locally.
  NOT STARTED.
  Currently in standby mode.
  Number of jobs executed: 0
  Using thread pool 'org.quartz.simpl.SimpleThreadPool' - with 20 threads.
  Using job-store 'org.springframework.scheduling.quartz.LocalDataSourceJobStore' - which supports persistence. and is clustered.

15:54:03.459 [main] INFO  o.q.i.StdSchedulerFactory - [instantiate,1374] - Quartz scheduler 'RuoyiScheduler' initialized from an externally provided properties instance.
15:54:03.459 [main] INFO  o.q.i.StdSchedulerFactory - [instantiate,1378] - Quartz scheduler version: 2.3.2
15:54:03.463 [main] INFO  o.q.c.QuartzScheduler - [setJobFactory,2293] - JobFactory set to: org.springframework.scheduling.quartz.AdaptableJobFactory@125ba798
15:54:06.059 [main] INFO  c.a.c.s.SentinelWebMvcConfigurer - [addInterceptors,52] - [Sentinel Starter] register SentinelWebInterceptor with urlPatterns: [/**].
15:54:11.630 [main] INFO  o.redisson.Version - [logVersion,41] - Redisson 3.23.3
15:54:12.246 [redisson-netty-4-4] INFO  o.r.c.p.MasterPubSubConnectionPool - [lambda$createConnection$0,140] - 1 connections initialized for 192.168.6.100/192.168.6.100:6379
15:54:12.398 [redisson-netty-4-19] INFO  o.r.c.p.MasterConnectionPool - [lambda$createConnection$0,140] - 24 connections initialized for 192.168.6.100/192.168.6.100:6379
15:54:15.240 [main] INFO  o.a.c.h.Http11NioProtocol - [log,173] - Starting ProtocolHandler ["http-nio-9203"]
15:54:15.807 [main] INFO  c.a.n.client.naming - [initNamespaceForNaming,62] - initializer namespace from ans.namespace attribute : null
15:54:15.809 [main] INFO  c.a.n.client.naming - [lambda$initNamespaceForNaming$0,66] - initializer namespace from ALIBABA_ALIWARE_NAMESPACE attribute :null
15:54:15.810 [main] INFO  c.a.n.client.naming - [lambda$initNamespaceForNaming$1,73] - initializer namespace from namespace attribute :null
15:54:15.829 [main] INFO  c.a.n.p.a.s.c.ClientAuthPluginManager - [init,56] - [ClientAuthPluginManager] Load ClientAuthService com.alibaba.nacos.client.auth.impl.NacosClientAuthServiceImpl success.
15:54:15.830 [main] INFO  c.a.n.p.a.s.c.ClientAuthPluginManager - [init,56] - [ClientAuthPluginManager] Load ClientAuthService com.alibaba.nacos.client.auth.ram.RamClientAuthServiceImpl success.
15:54:15.838 [main] INFO  c.a.n.c.r.client - [lambda$createClient$0,108] - [RpcClientFactory] create a new rpc client of 42a1f1f4-88f5-4fab-bc36-de74b695f674
15:54:15.842 [main] INFO  c.a.n.c.r.client - [printIfInfoEnabled,63] - [42a1f1f4-88f5-4fab-bc36-de74b695f674] RpcClient init, ServerListFactory = com.alibaba.nacos.client.naming.core.ServerListManager
15:54:15.843 [main] INFO  c.a.n.c.r.client - [printIfInfoEnabled,63] - [42a1f1f4-88f5-4fab-bc36-de74b695f674] Registry connection listener to current client:com.alibaba.nacos.client.naming.remote.gprc.redo.NamingGrpcRedoService
15:54:15.844 [main] INFO  c.a.n.c.r.client - [printIfInfoEnabled,63] - [42a1f1f4-88f5-4fab-bc36-de74b695f674] Register server push request handler:com.alibaba.nacos.client.naming.remote.gprc.NamingPushRequestHandler
15:54:15.846 [main] INFO  c.a.n.c.r.client - [printIfInfoEnabled,63] - [42a1f1f4-88f5-4fab-bc36-de74b695f674] Try to connect to server on start up, server: {serverIp = '192.168.6.100', server main port = 8848}
15:54:15.846 [main] INFO  c.a.n.c.r.c.g.GrpcClient - [createNewManagedChannel,182] - grpc client connection server:192.168.6.100 ip,serverPort:9848,grpcTslConfig:{"sslProvider":"OPENSSL","enableTls":false,"mutualAuthEnable":false,"trustAll":false}
15:54:15.970 [main] INFO  c.a.n.c.r.client - [printIfInfoEnabled,63] - [42a1f1f4-88f5-4fab-bc36-de74b695f674] Success to connect to server [192.168.6.100:8848] on start up, connectionId = 1730706855958_192.168.6.1_64700
15:54:15.971 [com.alibaba.nacos.client.remote.worker] INFO  c.a.n.c.r.client - [printIfInfoEnabled,63] - [42a1f1f4-88f5-4fab-bc36-de74b695f674] Notify connected event to listeners.
15:54:15.971 [main] INFO  c.a.n.c.r.client - [printIfInfoEnabled,63] - [42a1f1f4-88f5-4fab-bc36-de74b695f674] Register server push request handler:com.alibaba.nacos.common.remote.client.RpcClient$ConnectResetRequestHandler
15:54:15.971 [com.alibaba.nacos.client.remote.worker] INFO  c.a.n.client.naming - [onConnected,78] - Grpc connection connect
15:54:15.971 [main] INFO  c.a.n.c.r.client - [printIfInfoEnabled,63] - [42a1f1f4-88f5-4fab-bc36-de74b695f674] Register server push request handler:com.alibaba.nacos.common.remote.client.RpcClient$$Lambda$594/0x00000008010e6358
15:54:15.973 [main] INFO  c.a.n.client.naming - [registerService,121] - [REGISTER-SERVICE] public registering service spzx-job with instance Instance{instanceId='null', ip='192.168.137.1', port=9203, weight=1.0, healthy=true, enabled=true, ephemeral=true, clusterName='DEFAULT', serviceName='null', metadata={IPv6=null, preserved.register.source=SPRING_CLOUD}}
15:54:15.993 [main] INFO  c.a.c.n.r.NacosServiceRegistry - [register,76] - nacos registry, DEFAULT_GROUP spzx-job 192.168.137.1:9203 register finished
15:54:16.642 [main] INFO  c.s.j.SpzxJobApplication - [logStarted,57] - Started SpzxJobApplication in 26.975 seconds (process running for 29.448)
15:54:16.660 [main] INFO  c.a.n.c.c.i.CacheData - [<clinit>,67] - nacos.cache.data.init.snapshot = true 
15:54:16.664 [main] INFO  c.a.n.c.c.i.ClientWorker - [addCacheDataIfAbsent,380] - [fixed-192.168.6.100_8848] [subscribe] spzx-job-dev.yml+DEFAULT_GROUP
15:54:16.678 [main] INFO  c.a.n.c.c.i.CacheData - [addListener,197] - [fixed-192.168.6.100_8848] [add-listener] ok, tenant=, dataId=spzx-job-dev.yml, group=DEFAULT_GROUP, cnt=1
15:54:16.679 [main] INFO  c.a.c.n.r.NacosContextRefresher - [registerNacosListener,129] - [Nacos Config] Listening config: dataId=spzx-job-dev.yml, group=DEFAULT_GROUP
15:54:16.682 [main] INFO  c.a.n.c.c.i.ClientWorker - [addCacheDataIfAbsent,380] - [fixed-192.168.6.100_8848] [subscribe] spzx-job.yml+DEFAULT_GROUP
15:54:16.683 [main] INFO  c.a.n.c.c.i.CacheData - [addListener,197] - [fixed-192.168.6.100_8848] [add-listener] ok, tenant=, dataId=spzx-job.yml, group=DEFAULT_GROUP, cnt=1
15:54:16.684 [main] INFO  c.a.c.n.r.NacosContextRefresher - [registerNacosListener,129] - [Nacos Config] Listening config: dataId=spzx-job.yml, group=DEFAULT_GROUP
15:54:16.685 [main] INFO  c.a.n.c.c.i.ClientWorker - [addCacheDataIfAbsent,380] - [fixed-192.168.6.100_8848] [subscribe] spzx-job+DEFAULT_GROUP
15:54:16.686 [main] INFO  c.a.n.c.c.i.CacheData - [addListener,197] - [fixed-192.168.6.100_8848] [add-listener] ok, tenant=, dataId=spzx-job, group=DEFAULT_GROUP, cnt=1
15:54:16.686 [main] INFO  c.a.c.n.r.NacosContextRefresher - [registerNacosListener,129] - [Nacos Config] Listening config: dataId=spzx-job, group=DEFAULT_GROUP
15:54:17.625 [Quartz Scheduler [RuoyiScheduler]] INFO  o.q.c.QuartzScheduler - [start,547] - Scheduler RuoyiScheduler_$_atguigu1730706843041 started.
15:55:41.606 [http-nio-9203-exec-1] INFO  o.a.c.c.C.[.[.[/] - [log,173] - Initializing Spring DispatcherServlet 'dispatcherServlet'
16:39:56.945 [SpringApplicationShutdownHook] INFO  o.q.c.QuartzScheduler - [standby,585] - Scheduler RuoyiScheduler_$_atguigu1730706843041 paused.
16:54:12.623 [background-preinit] INFO  o.h.v.i.util.Version - [<clinit>,21] - HV000001: Hibernate Validator 8.0.0.Final
16:54:13.192 [main] INFO  c.a.n.c.u.ParamUtil - [<clinit>,87] - [settings] [req-serv] nacos-server port:8848
16:54:13.193 [main] INFO  c.a.n.c.u.ParamUtil - [<clinit>,98] - [settings] [http-client] connect timeout:1000
16:54:13.195 [main] INFO  c.a.n.c.u.ParamUtil - [<clinit>,105] - PER_TASK_CONFIG_SIZE: 3000.0
16:54:13.362 [main] INFO  c.a.n.p.a.s.c.ClientAuthPluginManager - [init,56] - [ClientAuthPluginManager] Load ClientAuthService com.alibaba.nacos.client.auth.impl.NacosClientAuthServiceImpl success.
16:54:13.363 [main] INFO  c.a.n.p.a.s.c.ClientAuthPluginManager - [init,56] - [ClientAuthPluginManager] Load ClientAuthService com.alibaba.nacos.client.auth.ram.RamClientAuthServiceImpl success.
16:54:13.369 [main] INFO  c.a.n.c.a.r.i.CredentialWatcher - [loadCredential,165] - null No credential found
16:54:14.853 [main] INFO  c.a.n.c.c.i.LocalConfigInfoProcessor - [<clinit>,63] - LOCAL_SNAPSHOT_PATH:C:\Users\zy\nacos\config
16:54:14.859 [main] INFO  c.a.n.c.r.client - [lambda$createClient$0,108] - [RpcClientFactory] create a new rpc client of 109a0243-36fb-48b0-9a63-09558e64552b_config-0
16:54:14.887 [main] INFO  c.a.n.c.r.client - [printIfInfoEnabled,63] - [109a0243-36fb-48b0-9a63-09558e64552b_config-0] Register server push request handler:com.alibaba.nacos.client.config.impl.ClientWorker$ConfigRpcTransportClient$$Lambda$573/0x0000000800f575a8
16:54:14.887 [main] INFO  c.a.n.c.r.client - [printIfInfoEnabled,63] - [109a0243-36fb-48b0-9a63-09558e64552b_config-0] Register server push request handler:com.alibaba.nacos.client.config.impl.ClientWorker$ConfigRpcTransportClient$$Lambda$574/0x0000000800f579c8
16:54:14.888 [main] INFO  c.a.n.c.r.client - [printIfInfoEnabled,63] - [109a0243-36fb-48b0-9a63-09558e64552b_config-0] Registry connection listener to current client:com.alibaba.nacos.client.config.impl.ClientWorker$ConfigRpcTransportClient$1
16:54:14.889 [main] INFO  c.a.n.c.r.client - [printIfInfoEnabled,63] - [109a0243-36fb-48b0-9a63-09558e64552b_config-0] RpcClient init, ServerListFactory = com.alibaba.nacos.client.config.impl.ClientWorker$ConfigRpcTransportClient$2
16:54:14.902 [main] INFO  c.a.n.c.r.client - [printIfInfoEnabled,63] - [109a0243-36fb-48b0-9a63-09558e64552b_config-0] Try to connect to server on start up, server: {serverIp = '192.168.6.100', server main port = 8848}
16:54:14.993 [main] INFO  c.a.n.c.r.c.g.GrpcClient - [createNewManagedChannel,182] - grpc client connection server:192.168.6.100 ip,serverPort:9848,grpcTslConfig:{"sslProvider":"OPENSSL","enableTls":false,"mutualAuthEnable":false,"trustAll":false}
16:54:16.588 [main] INFO  c.a.n.c.r.client - [printIfInfoEnabled,63] - [109a0243-36fb-48b0-9a63-09558e64552b_config-0] Success to connect to server [192.168.6.100:8848] on start up, connectionId = 1730710456446_192.168.6.1_64266
16:54:16.589 [com.alibaba.nacos.client.remote.worker] INFO  c.a.n.c.r.client - [printIfInfoEnabled,63] - [109a0243-36fb-48b0-9a63-09558e64552b_config-0] Notify connected event to listeners.
16:54:16.589 [com.alibaba.nacos.client.remote.worker] INFO  c.a.n.c.c.i.ClientWorker - [onConnected,639] - [109a0243-36fb-48b0-9a63-09558e64552b_config-0] Connected,notify listen context...
16:54:16.589 [main] INFO  c.a.n.c.r.client - [printIfInfoEnabled,63] - [109a0243-36fb-48b0-9a63-09558e64552b_config-0] Register server push request handler:com.alibaba.nacos.common.remote.client.RpcClient$ConnectResetRequestHandler
16:54:16.590 [main] INFO  c.a.n.c.r.client - [printIfInfoEnabled,63] - [109a0243-36fb-48b0-9a63-09558e64552b_config-0] Register server push request handler:com.alibaba.nacos.common.remote.client.RpcClient$$Lambda$594/0x00000008010bc850
16:54:16.663 [main] INFO  c.a.n.c.c.i.Limiter - [<clinit>,62] - limitTime:5.0
16:54:16.682 [main] INFO  c.a.n.c.c.u.JvmUtil - [<clinit>,54] - isMultiInstance:false
16:54:16.732 [main] INFO  c.s.j.SpzxJobApplication - [logStartupProfileInfo,638] - The following 1 profile is active: "dev"
17:05:44.407 [background-preinit] INFO  o.h.v.i.util.Version - [<clinit>,21] - HV000001: Hibernate Validator 8.0.0.Final
17:05:44.987 [main] INFO  c.a.n.c.u.ParamUtil - [<clinit>,87] - [settings] [req-serv] nacos-server port:8848
17:05:44.988 [main] INFO  c.a.n.c.u.ParamUtil - [<clinit>,98] - [settings] [http-client] connect timeout:1000
17:05:44.990 [main] INFO  c.a.n.c.u.ParamUtil - [<clinit>,105] - PER_TASK_CONFIG_SIZE: 3000.0
17:05:45.040 [main] INFO  c.a.n.p.a.s.c.ClientAuthPluginManager - [init,56] - [ClientAuthPluginManager] Load ClientAuthService com.alibaba.nacos.client.auth.impl.NacosClientAuthServiceImpl success.
17:05:45.040 [main] INFO  c.a.n.p.a.s.c.ClientAuthPluginManager - [init,56] - [ClientAuthPluginManager] Load ClientAuthService com.alibaba.nacos.client.auth.ram.RamClientAuthServiceImpl success.
17:05:45.047 [main] INFO  c.a.n.c.a.r.i.CredentialWatcher - [loadCredential,165] - null No credential found
17:05:46.161 [main] INFO  c.a.n.c.c.i.LocalConfigInfoProcessor - [<clinit>,63] - LOCAL_SNAPSHOT_PATH:C:\Users\zy\nacos\config
17:05:46.169 [main] INFO  c.a.n.c.r.client - [lambda$createClient$0,108] - [RpcClientFactory] create a new rpc client of bf930894-d718-49ab-9ee8-e32993f08f4e_config-0
17:05:46.207 [main] INFO  c.a.n.c.r.client - [printIfInfoEnabled,63] - [bf930894-d718-49ab-9ee8-e32993f08f4e_config-0] Register server push request handler:com.alibaba.nacos.client.config.impl.ClientWorker$ConfigRpcTransportClient$$Lambda$573/0x0000000800f575a8
17:05:46.208 [main] INFO  c.a.n.c.r.client - [printIfInfoEnabled,63] - [bf930894-d718-49ab-9ee8-e32993f08f4e_config-0] Register server push request handler:com.alibaba.nacos.client.config.impl.ClientWorker$ConfigRpcTransportClient$$Lambda$574/0x0000000800f579c8
17:05:46.209 [main] INFO  c.a.n.c.r.client - [printIfInfoEnabled,63] - [bf930894-d718-49ab-9ee8-e32993f08f4e_config-0] Registry connection listener to current client:com.alibaba.nacos.client.config.impl.ClientWorker$ConfigRpcTransportClient$1
17:05:46.211 [main] INFO  c.a.n.c.r.client - [printIfInfoEnabled,63] - [bf930894-d718-49ab-9ee8-e32993f08f4e_config-0] RpcClient init, ServerListFactory = com.alibaba.nacos.client.config.impl.ClientWorker$ConfigRpcTransportClient$2
17:05:46.229 [main] INFO  c.a.n.c.r.client - [printIfInfoEnabled,63] - [bf930894-d718-49ab-9ee8-e32993f08f4e_config-0] Try to connect to server on start up, server: {serverIp = '192.168.6.100', server main port = 8848}
17:05:46.316 [main] INFO  c.a.n.c.r.c.g.GrpcClient - [createNewManagedChannel,182] - grpc client connection server:192.168.6.100 ip,serverPort:9848,grpcTslConfig:{"sslProvider":"OPENSSL","enableTls":false,"mutualAuthEnable":false,"trustAll":false}
17:05:48.874 [main] INFO  c.a.n.c.r.client - [printIfInfoEnabled,63] - [bf930894-d718-49ab-9ee8-e32993f08f4e_config-0] Success to connect to server [192.168.6.100:8848] on start up, connectionId = 1730711148644_192.168.6.1_64996
17:05:48.875 [com.alibaba.nacos.client.remote.worker] INFO  c.a.n.c.r.client - [printIfInfoEnabled,63] - [bf930894-d718-49ab-9ee8-e32993f08f4e_config-0] Notify connected event to listeners.
17:05:48.890 [main] INFO  c.a.n.c.r.client - [printIfInfoEnabled,63] - [bf930894-d718-49ab-9ee8-e32993f08f4e_config-0] Register server push request handler:com.alibaba.nacos.common.remote.client.RpcClient$ConnectResetRequestHandler
17:05:48.890 [com.alibaba.nacos.client.remote.worker] INFO  c.a.n.c.c.i.ClientWorker - [onConnected,639] - [bf930894-d718-49ab-9ee8-e32993f08f4e_config-0] Connected,notify listen context...
17:05:48.891 [main] INFO  c.a.n.c.r.client - [printIfInfoEnabled,63] - [bf930894-d718-49ab-9ee8-e32993f08f4e_config-0] Register server push request handler:com.alibaba.nacos.common.remote.client.RpcClient$$Lambda$594/0x00000008010bc850
17:05:49.025 [main] INFO  c.a.n.c.c.i.Limiter - [<clinit>,62] - limitTime:5.0
17:05:49.058 [main] INFO  c.a.n.c.c.u.JvmUtil - [<clinit>,54] - isMultiInstance:false
17:05:49.204 [main] INFO  c.s.j.SpzxJobApplication - [logStartupProfileInfo,638] - The following 1 profile is active: "dev"
17:05:55.172 [main] INFO  o.a.c.h.Http11NioProtocol - [log,173] - Initializing ProtocolHandler ["http-nio-9203"]
17:05:55.174 [main] INFO  o.a.c.c.StandardService - [log,173] - Starting service [Tomcat]
17:05:55.174 [main] INFO  o.a.c.c.StandardEngine - [log,173] - Starting Servlet engine: [Apache Tomcat/10.1.7]
17:05:55.443 [main] INFO  o.a.c.c.C.[.[.[/] - [log,173] - Initializing Spring embedded WebApplicationContext
17:05:56.449 [main] INFO  o.q.i.StdSchedulerFactory - [instantiate,1220] - Using default implementation for ThreadExecutor
17:05:56.478 [main] INFO  o.q.c.SchedulerSignalerImpl - [<init>,61] - Initialized Scheduler Signaller of type: class org.quartz.core.SchedulerSignalerImpl
17:05:56.478 [main] INFO  o.q.c.QuartzScheduler - [<init>,229] - Quartz Scheduler v.2.3.2 created.
17:05:56.514 [main] INFO  c.z.h.HikariDataSource - [getConnection,110] - HikariPool-1 - Starting...
17:05:57.024 [main] INFO  c.z.h.p.HikariPool - [checkFailFast,565] - HikariPool-1 - Added connection com.mysql.cj.jdbc.ConnectionImpl@664083f6
17:05:57.029 [main] INFO  c.z.h.HikariDataSource - [getConnection,123] - HikariPool-1 - Start completed.
17:05:57.059 [main] INFO  o.q.c.QuartzScheduler - [initialize,294] - Scheduler meta-data: Quartz Scheduler (v2.3.2) 'RuoyiScheduler' with instanceId 'atguigu1730711156454'
  Scheduler class: 'org.quartz.core.QuartzScheduler' - running locally.
  NOT STARTED.
  Currently in standby mode.
  Number of jobs executed: 0
  Using thread pool 'org.quartz.simpl.SimpleThreadPool' - with 20 threads.
  Using job-store 'org.springframework.scheduling.quartz.LocalDataSourceJobStore' - which supports persistence. and is clustered.

17:05:57.059 [main] INFO  o.q.i.StdSchedulerFactory - [instantiate,1374] - Quartz scheduler 'RuoyiScheduler' initialized from an externally provided properties instance.
17:05:57.060 [main] INFO  o.q.i.StdSchedulerFactory - [instantiate,1378] - Quartz scheduler version: 2.3.2
17:05:57.064 [main] INFO  o.q.c.QuartzScheduler - [setJobFactory,2293] - JobFactory set to: org.springframework.scheduling.quartz.AdaptableJobFactory@2bed5828
17:06:00.386 [main] INFO  c.a.c.s.SentinelWebMvcConfigurer - [addInterceptors,52] - [Sentinel Starter] register SentinelWebInterceptor with urlPatterns: [/**].
17:06:07.466 [main] INFO  o.a.c.h.Http11NioProtocol - [log,173] - Starting ProtocolHandler ["http-nio-9203"]
17:06:08.019 [main] INFO  c.a.n.client.naming - [initNamespaceForNaming,62] - initializer namespace from ans.namespace attribute : null
17:06:08.020 [main] INFO  c.a.n.client.naming - [lambda$initNamespaceForNaming$0,66] - initializer namespace from ALIBABA_ALIWARE_NAMESPACE attribute :null
17:06:08.021 [main] INFO  c.a.n.client.naming - [lambda$initNamespaceForNaming$1,73] - initializer namespace from namespace attribute :null
17:06:08.038 [main] INFO  c.a.n.p.a.s.c.ClientAuthPluginManager - [init,56] - [ClientAuthPluginManager] Load ClientAuthService com.alibaba.nacos.client.auth.impl.NacosClientAuthServiceImpl success.
17:06:08.039 [main] INFO  c.a.n.p.a.s.c.ClientAuthPluginManager - [init,56] - [ClientAuthPluginManager] Load ClientAuthService com.alibaba.nacos.client.auth.ram.RamClientAuthServiceImpl success.
17:06:08.046 [main] INFO  c.a.n.c.r.client - [lambda$createClient$0,108] - [RpcClientFactory] create a new rpc client of ca482716-1f8e-4608-b80b-03189375d20a
17:06:08.050 [main] INFO  c.a.n.c.r.client - [printIfInfoEnabled,63] - [ca482716-1f8e-4608-b80b-03189375d20a] RpcClient init, ServerListFactory = com.alibaba.nacos.client.naming.core.ServerListManager
17:06:08.050 [main] INFO  c.a.n.c.r.client - [printIfInfoEnabled,63] - [ca482716-1f8e-4608-b80b-03189375d20a] Registry connection listener to current client:com.alibaba.nacos.client.naming.remote.gprc.redo.NamingGrpcRedoService
17:06:08.051 [main] INFO  c.a.n.c.r.client - [printIfInfoEnabled,63] - [ca482716-1f8e-4608-b80b-03189375d20a] Register server push request handler:com.alibaba.nacos.client.naming.remote.gprc.NamingPushRequestHandler
17:06:08.052 [main] INFO  c.a.n.c.r.client - [printIfInfoEnabled,63] - [ca482716-1f8e-4608-b80b-03189375d20a] Try to connect to server on start up, server: {serverIp = '192.168.6.100', server main port = 8848}
17:06:08.053 [main] INFO  c.a.n.c.r.c.g.GrpcClient - [createNewManagedChannel,182] - grpc client connection server:192.168.6.100 ip,serverPort:9848,grpcTslConfig:{"sslProvider":"OPENSSL","enableTls":false,"mutualAuthEnable":false,"trustAll":false}
17:06:08.180 [main] INFO  c.a.n.c.r.client - [printIfInfoEnabled,63] - [ca482716-1f8e-4608-b80b-03189375d20a] Success to connect to server [192.168.6.100:8848] on start up, connectionId = 1730711168165_192.168.6.1_65043
17:06:08.181 [main] INFO  c.a.n.c.r.client - [printIfInfoEnabled,63] - [ca482716-1f8e-4608-b80b-03189375d20a] Register server push request handler:com.alibaba.nacos.common.remote.client.RpcClient$ConnectResetRequestHandler
17:06:08.181 [com.alibaba.nacos.client.remote.worker] INFO  c.a.n.c.r.client - [printIfInfoEnabled,63] - [ca482716-1f8e-4608-b80b-03189375d20a] Notify connected event to listeners.
17:06:08.181 [com.alibaba.nacos.client.remote.worker] INFO  c.a.n.client.naming - [onConnected,78] - Grpc connection connect
17:06:08.181 [main] INFO  c.a.n.c.r.client - [printIfInfoEnabled,63] - [ca482716-1f8e-4608-b80b-03189375d20a] Register server push request handler:com.alibaba.nacos.common.remote.client.RpcClient$$Lambda$594/0x00000008010bc850
17:06:08.183 [main] INFO  c.a.n.client.naming - [registerService,121] - [REGISTER-SERVICE] public registering service spzx-job with instance Instance{instanceId='null', ip='192.168.137.1', port=9203, weight=1.0, healthy=true, enabled=true, ephemeral=true, clusterName='DEFAULT', serviceName='null', metadata={IPv6=null, preserved.register.source=SPRING_CLOUD}}
17:06:08.202 [main] INFO  c.a.c.n.r.NacosServiceRegistry - [register,76] - nacos registry, DEFAULT_GROUP spzx-job 192.168.137.1:9203 register finished
17:06:08.817 [main] INFO  c.s.j.SpzxJobApplication - [logStarted,57] - Started SpzxJobApplication in 26.086 seconds (process running for 28.286)
17:06:08.835 [main] INFO  c.a.n.c.c.i.CacheData - [<clinit>,67] - nacos.cache.data.init.snapshot = true 
17:06:08.839 [main] INFO  c.a.n.c.c.i.ClientWorker - [addCacheDataIfAbsent,380] - [fixed-192.168.6.100_8848] [subscribe] spzx-job-dev.yml+DEFAULT_GROUP
17:06:08.855 [main] INFO  c.a.n.c.c.i.CacheData - [addListener,197] - [fixed-192.168.6.100_8848] [add-listener] ok, tenant=, dataId=spzx-job-dev.yml, group=DEFAULT_GROUP, cnt=1
17:06:08.855 [main] INFO  c.a.c.n.r.NacosContextRefresher - [registerNacosListener,129] - [Nacos Config] Listening config: dataId=spzx-job-dev.yml, group=DEFAULT_GROUP
17:06:08.856 [main] INFO  c.a.n.c.c.i.ClientWorker - [addCacheDataIfAbsent,380] - [fixed-192.168.6.100_8848] [subscribe] spzx-job.yml+DEFAULT_GROUP
17:06:08.858 [main] INFO  c.a.n.c.c.i.CacheData - [addListener,197] - [fixed-192.168.6.100_8848] [add-listener] ok, tenant=, dataId=spzx-job.yml, group=DEFAULT_GROUP, cnt=1
17:06:08.858 [main] INFO  c.a.c.n.r.NacosContextRefresher - [registerNacosListener,129] - [Nacos Config] Listening config: dataId=spzx-job.yml, group=DEFAULT_GROUP
17:06:08.859 [main] INFO  c.a.n.c.c.i.ClientWorker - [addCacheDataIfAbsent,380] - [fixed-192.168.6.100_8848] [subscribe] spzx-job+DEFAULT_GROUP
17:06:08.859 [main] INFO  c.a.n.c.c.i.CacheData - [addListener,197] - [fixed-192.168.6.100_8848] [add-listener] ok, tenant=, dataId=spzx-job, group=DEFAULT_GROUP, cnt=1
17:06:08.860 [main] INFO  c.a.c.n.r.NacosContextRefresher - [registerNacosListener,129] - [Nacos Config] Listening config: dataId=spzx-job, group=DEFAULT_GROUP
17:06:09.912 [Quartz Scheduler [RuoyiScheduler]] INFO  o.q.c.QuartzScheduler - [start,547] - Scheduler RuoyiScheduler_$_atguigu1730711156454 started.
17:38:00.905 [SpringApplicationShutdownHook] INFO  o.q.c.QuartzScheduler - [standby,585] - Scheduler RuoyiScheduler_$_atguigu1730711156454 paused.
17:38:01.022 [SpringApplicationShutdownHook] INFO  c.a.c.n.r.NacosServiceRegistry - [deregister,95] - De-registering from Nacos Server now...
17:38:01.022 [SpringApplicationShutdownHook] INFO  c.a.n.client.naming - [deregisterService,217] - [DEREGISTER-SERVICE] public deregistering service spzx-job with instance: Instance{instanceId='null', ip='192.168.137.1', port=9203, weight=1.0, healthy=true, enabled=true, ephemeral=true, clusterName='DEFAULT', serviceName='null', metadata={}}
17:38:01.037 [SpringApplicationShutdownHook] INFO  c.a.c.n.r.NacosServiceRegistry - [deregister,115] - De-registration finished.
17:38:01.039 [SpringApplicationShutdownHook] INFO  c.a.n.client.naming - [shutdown,256] - com.alibaba.nacos.client.naming.cache.ServiceInfoHolder do shutdown begin
17:38:01.040 [SpringApplicationShutdownHook] INFO  c.a.n.client.naming - [shutdown,136] - com.alibaba.nacos.client.naming.backups.FailoverReactor do shutdown begin
17:38:01.044 [SpringApplicationShutdownHook] INFO  c.a.n.client.naming - [shutdown,138] - com.alibaba.nacos.client.naming.backups.FailoverReactor do shutdown stop
17:38:01.045 [SpringApplicationShutdownHook] INFO  c.a.n.client.naming - [shutdown,258] - com.alibaba.nacos.client.naming.cache.ServiceInfoHolder do shutdown stop
17:38:01.046 [SpringApplicationShutdownHook] INFO  c.a.n.client.naming - [shutdown,204] - com.alibaba.nacos.client.naming.remote.NamingClientProxyDelegate do shutdown begin
17:38:01.046 [SpringApplicationShutdownHook] INFO  c.a.n.client.naming - [shutdown,143] - com.alibaba.nacos.client.naming.core.ServiceInfoUpdateService do shutdown begin
17:38:01.046 [SpringApplicationShutdownHook] INFO  c.a.n.client.naming - [shutdown,145] - com.alibaba.nacos.client.naming.core.ServiceInfoUpdateService do shutdown stop
17:38:01.047 [SpringApplicationShutdownHook] INFO  c.a.n.client.naming - [shutdown,194] - com.alibaba.nacos.client.naming.core.ServerListManager do shutdown begin
17:38:01.048 [SpringApplicationShutdownHook] INFO  c.a.n.client.naming - [shutdown,199] - com.alibaba.nacos.client.naming.core.ServerListManager do shutdown stop
17:38:01.048 [SpringApplicationShutdownHook] INFO  c.a.n.client.naming - [shutdown,484] - com.alibaba.nacos.client.naming.remote.http.NamingHttpClientProxy do shutdown begin
17:38:01.049 [SpringApplicationShutdownHook] INFO  c.a.n.client.naming - [shutdown,486] - com.alibaba.nacos.client.naming.remote.http.NamingHttpClientProxy do shutdown stop
17:38:01.049 [SpringApplicationShutdownHook] INFO  c.a.n.c.r.client - [shutdown,429] - Shutdown rpc client, set status to shutdown
17:38:01.050 [SpringApplicationShutdownHook] INFO  c.a.n.c.r.client - [shutdown,431] - Shutdown client event executor java.util.concurrent.ScheduledThreadPoolExecutor@28804958[Running, pool size = 2, active threads = 2, queued tasks = 0, completed tasks = 0]
17:38:01.050 [SpringApplicationShutdownHook] INFO  c.a.n.c.r.client - [closeConnection,584] - Close current connection 1730711168165_192.168.6.1_65043
17:38:01.059 [SpringApplicationShutdownHook] INFO  c.a.n.c.r.c.g.GrpcClient - [shutdown,159] - Shutdown grpc executor java.util.concurrent.ThreadPoolExecutor@35fcaeb3[Running, pool size = 4, active threads = 0, queued tasks = 0, completed tasks = 393]
17:38:01.060 [SpringApplicationShutdownHook] INFO  c.a.n.client.naming - [shutdown,318] - Shutdown grpc redo service executor java.util.concurrent.ScheduledThreadPoolExecutor@6ee51c56[Running, pool size = 1, active threads = 0, queued tasks = 1, completed tasks = 637]
17:38:01.063 [SpringApplicationShutdownHook] INFO  c.a.n.c.a.r.i.CredentialWatcher - [stop,106] - [null] CredentialWatcher is stopped
17:38:01.064 [SpringApplicationShutdownHook] INFO  c.a.n.c.a.r.i.CredentialService - [free,100] - [null] CredentialService is freed
17:38:01.065 [SpringApplicationShutdownHook] INFO  c.a.n.client.naming - [shutdown,211] - com.alibaba.nacos.client.naming.remote.NamingClientProxyDelegate do shutdown stop
17:38:01.072 [SpringApplicationShutdownHook] INFO  o.q.c.QuartzScheduler - [shutdown,666] - Scheduler RuoyiScheduler_$_atguigu1730711156454 shutting down.
17:38:01.072 [SpringApplicationShutdownHook] INFO  o.q.c.QuartzScheduler - [standby,585] - Scheduler RuoyiScheduler_$_atguigu1730711156454 paused.
17:38:01.073 [SpringApplicationShutdownHook] INFO  o.q.c.QuartzScheduler - [shutdown,740] - Scheduler RuoyiScheduler_$_atguigu1730711156454 shutdown complete.
17:38:01.075 [SpringApplicationShutdownHook] INFO  c.z.h.HikariDataSource - [close,350] - HikariPool-1 - Shutdown initiated...
17:38:01.088 [SpringApplicationShutdownHook] INFO  c.z.h.HikariDataSource - [close,352] - HikariPool-1 - Shutdown completed.
22:41:14.378 [background-preinit] INFO  o.h.v.i.util.Version - [<clinit>,21] - HV000001: Hibernate Validator 8.0.0.Final
22:41:14.934 [main] INFO  c.a.n.c.u.ParamUtil - [<clinit>,87] - [settings] [req-serv] nacos-server port:8848
22:41:14.935 [main] INFO  c.a.n.c.u.ParamUtil - [<clinit>,98] - [settings] [http-client] connect timeout:1000
22:41:14.937 [main] INFO  c.a.n.c.u.ParamUtil - [<clinit>,105] - PER_TASK_CONFIG_SIZE: 3000.0
22:41:14.997 [main] INFO  c.a.n.p.a.s.c.ClientAuthPluginManager - [init,56] - [ClientAuthPluginManager] Load ClientAuthService com.alibaba.nacos.client.auth.impl.NacosClientAuthServiceImpl success.
22:41:14.998 [main] INFO  c.a.n.p.a.s.c.ClientAuthPluginManager - [init,56] - [ClientAuthPluginManager] Load ClientAuthService com.alibaba.nacos.client.auth.ram.RamClientAuthServiceImpl success.
22:41:15.004 [main] INFO  c.a.n.c.a.r.i.CredentialWatcher - [loadCredential,165] - null No credential found
22:41:15.951 [main] INFO  c.a.n.c.c.i.LocalConfigInfoProcessor - [<clinit>,63] - LOCAL_SNAPSHOT_PATH:C:\Users\zy\nacos\config
22:41:15.957 [main] INFO  c.a.n.c.r.client - [lambda$createClient$0,108] - [RpcClientFactory] create a new rpc client of b48cffd7-315b-4eec-b895-aabc93ba96b0_config-0
22:41:15.986 [main] INFO  c.a.n.c.r.client - [printIfInfoEnabled,63] - [b48cffd7-315b-4eec-b895-aabc93ba96b0_config-0] Register server push request handler:com.alibaba.nacos.client.config.impl.ClientWorker$ConfigRpcTransportClient$$Lambda$585/0x0000000800fb0658
22:41:15.986 [main] INFO  c.a.n.c.r.client - [printIfInfoEnabled,63] - [b48cffd7-315b-4eec-b895-aabc93ba96b0_config-0] Register server push request handler:com.alibaba.nacos.client.config.impl.ClientWorker$ConfigRpcTransportClient$$Lambda$586/0x0000000800fb0a78
22:41:15.987 [main] INFO  c.a.n.c.r.client - [printIfInfoEnabled,63] - [b48cffd7-315b-4eec-b895-aabc93ba96b0_config-0] Registry connection listener to current client:com.alibaba.nacos.client.config.impl.ClientWorker$ConfigRpcTransportClient$1
22:41:15.988 [main] INFO  c.a.n.c.r.client - [printIfInfoEnabled,63] - [b48cffd7-315b-4eec-b895-aabc93ba96b0_config-0] RpcClient init, ServerListFactory = com.alibaba.nacos.client.config.impl.ClientWorker$ConfigRpcTransportClient$2
22:41:16.001 [main] INFO  c.a.n.c.r.client - [printIfInfoEnabled,63] - [b48cffd7-315b-4eec-b895-aabc93ba96b0_config-0] Try to connect to server on start up, server: {serverIp = '192.168.6.100', server main port = 8848}
22:41:16.064 [main] INFO  c.a.n.c.r.c.g.GrpcClient - [createNewManagedChannel,182] - grpc client connection server:192.168.6.100 ip,serverPort:9848,grpcTslConfig:{"sslProvider":"OPENSSL","enableTls":false,"mutualAuthEnable":false,"trustAll":false}
22:41:18.110 [main] INFO  c.a.n.c.r.client - [printIfInfoEnabled,63] - [b48cffd7-315b-4eec-b895-aabc93ba96b0_config-0] Success to connect to server [192.168.6.100:8848] on start up, connectionId = 1730731279296_192.168.6.1_62312
22:41:18.112 [com.alibaba.nacos.client.remote.worker] INFO  c.a.n.c.r.client - [printIfInfoEnabled,63] - [b48cffd7-315b-4eec-b895-aabc93ba96b0_config-0] Notify connected event to listeners.
22:41:18.113 [main] INFO  c.a.n.c.r.client - [printIfInfoEnabled,63] - [b48cffd7-315b-4eec-b895-aabc93ba96b0_config-0] Register server push request handler:com.alibaba.nacos.common.remote.client.RpcClient$ConnectResetRequestHandler
22:41:18.113 [com.alibaba.nacos.client.remote.worker] INFO  c.a.n.c.c.i.ClientWorker - [onConnected,639] - [b48cffd7-315b-4eec-b895-aabc93ba96b0_config-0] Connected,notify listen context...
22:41:18.113 [main] INFO  c.a.n.c.r.client - [printIfInfoEnabled,63] - [b48cffd7-315b-4eec-b895-aabc93ba96b0_config-0] Register server push request handler:com.alibaba.nacos.common.remote.client.RpcClient$$Lambda$606/0x00000008010f51a0
22:41:18.191 [main] INFO  c.a.n.c.c.i.Limiter - [<clinit>,62] - limitTime:5.0
22:41:18.217 [main] INFO  c.a.n.c.c.u.JvmUtil - [<clinit>,54] - isMultiInstance:false
22:41:18.293 [main] INFO  c.s.j.SpzxJobApplication - [logStartupProfileInfo,638] - The following 1 profile is active: "dev"
22:41:23.644 [main] INFO  o.a.c.h.Http11NioProtocol - [log,173] - Initializing ProtocolHandler ["http-nio-9203"]
22:41:23.646 [main] INFO  o.a.c.c.StandardService - [log,173] - Starting service [Tomcat]
22:41:23.647 [main] INFO  o.a.c.c.StandardEngine - [log,173] - Starting Servlet engine: [Apache Tomcat/10.1.7]
22:41:23.857 [main] INFO  o.a.c.c.C.[.[.[/] - [log,173] - Initializing Spring embedded WebApplicationContext
22:41:24.608 [main] INFO  o.q.i.StdSchedulerFactory - [instantiate,1220] - Using default implementation for ThreadExecutor
22:41:24.628 [main] INFO  o.q.c.SchedulerSignalerImpl - [<init>,61] - Initialized Scheduler Signaller of type: class org.quartz.core.SchedulerSignalerImpl
22:41:24.629 [main] INFO  o.q.c.QuartzScheduler - [<init>,229] - Quartz Scheduler v.2.3.2 created.
22:41:24.643 [main] INFO  c.z.h.HikariDataSource - [getConnection,110] - HikariPool-1 - Starting...
22:41:24.942 [main] INFO  c.z.h.p.HikariPool - [checkFailFast,565] - HikariPool-1 - Added connection com.mysql.cj.jdbc.ConnectionImpl@2a7b5925
22:41:24.948 [main] INFO  c.z.h.HikariDataSource - [getConnection,123] - HikariPool-1 - Start completed.
22:41:24.980 [main] INFO  o.q.c.QuartzScheduler - [initialize,294] - Scheduler meta-data: Quartz Scheduler (v2.3.2) 'RuoyiScheduler' with instanceId 'atguigu1730731284611'
  Scheduler class: 'org.quartz.core.QuartzScheduler' - running locally.
  NOT STARTED.
  Currently in standby mode.
  Number of jobs executed: 0
  Using thread pool 'org.quartz.simpl.SimpleThreadPool' - with 20 threads.
  Using job-store 'org.springframework.scheduling.quartz.LocalDataSourceJobStore' - which supports persistence. and is clustered.

22:41:24.980 [main] INFO  o.q.i.StdSchedulerFactory - [instantiate,1374] - Quartz scheduler 'RuoyiScheduler' initialized from an externally provided properties instance.
22:41:24.981 [main] INFO  o.q.i.StdSchedulerFactory - [instantiate,1378] - Quartz scheduler version: 2.3.2
22:41:24.985 [main] INFO  o.q.c.QuartzScheduler - [setJobFactory,2293] - JobFactory set to: org.springframework.scheduling.quartz.AdaptableJobFactory@70869678
22:41:27.590 [main] INFO  c.a.c.s.SentinelWebMvcConfigurer - [addInterceptors,52] - [Sentinel Starter] register SentinelWebInterceptor with urlPatterns: [/**].
22:41:35.215 [main] INFO  o.a.c.h.Http11NioProtocol - [log,173] - Starting ProtocolHandler ["http-nio-9203"]
22:41:35.876 [main] INFO  c.a.n.client.naming - [initNamespaceForNaming,62] - initializer namespace from ans.namespace attribute : null
22:41:35.877 [main] INFO  c.a.n.client.naming - [lambda$initNamespaceForNaming$0,66] - initializer namespace from ALIBABA_ALIWARE_NAMESPACE attribute :null
22:41:35.878 [main] INFO  c.a.n.client.naming - [lambda$initNamespaceForNaming$1,73] - initializer namespace from namespace attribute :null
22:41:35.901 [main] INFO  c.a.n.p.a.s.c.ClientAuthPluginManager - [init,56] - [ClientAuthPluginManager] Load ClientAuthService com.alibaba.nacos.client.auth.impl.NacosClientAuthServiceImpl success.
22:41:35.902 [main] INFO  c.a.n.p.a.s.c.ClientAuthPluginManager - [init,56] - [ClientAuthPluginManager] Load ClientAuthService com.alibaba.nacos.client.auth.ram.RamClientAuthServiceImpl success.
22:41:35.910 [main] INFO  c.a.n.c.r.client - [lambda$createClient$0,108] - [RpcClientFactory] create a new rpc client of ffc2b7b3-c6bc-4789-8d45-cad3d650965f
22:41:35.914 [main] INFO  c.a.n.c.r.client - [printIfInfoEnabled,63] - [ffc2b7b3-c6bc-4789-8d45-cad3d650965f] RpcClient init, ServerListFactory = com.alibaba.nacos.client.naming.core.ServerListManager
22:41:35.915 [main] INFO  c.a.n.c.r.client - [printIfInfoEnabled,63] - [ffc2b7b3-c6bc-4789-8d45-cad3d650965f] Registry connection listener to current client:com.alibaba.nacos.client.naming.remote.gprc.redo.NamingGrpcRedoService
22:41:35.916 [main] INFO  c.a.n.c.r.client - [printIfInfoEnabled,63] - [ffc2b7b3-c6bc-4789-8d45-cad3d650965f] Register server push request handler:com.alibaba.nacos.client.naming.remote.gprc.NamingPushRequestHandler
22:41:35.917 [main] INFO  c.a.n.c.r.client - [printIfInfoEnabled,63] - [ffc2b7b3-c6bc-4789-8d45-cad3d650965f] Try to connect to server on start up, server: {serverIp = '192.168.6.100', server main port = 8848}
22:41:35.918 [main] INFO  c.a.n.c.r.c.g.GrpcClient - [createNewManagedChannel,182] - grpc client connection server:192.168.6.100 ip,serverPort:9848,grpcTslConfig:{"sslProvider":"OPENSSL","enableTls":false,"mutualAuthEnable":false,"trustAll":false}
22:41:36.040 [main] INFO  c.a.n.c.r.client - [printIfInfoEnabled,63] - [ffc2b7b3-c6bc-4789-8d45-cad3d650965f] Success to connect to server [192.168.6.100:8848] on start up, connectionId = 1730731297475_192.168.6.1_62367
22:41:36.040 [com.alibaba.nacos.client.remote.worker] INFO  c.a.n.c.r.client - [printIfInfoEnabled,63] - [ffc2b7b3-c6bc-4789-8d45-cad3d650965f] Notify connected event to listeners.
22:41:36.040 [main] INFO  c.a.n.c.r.client - [printIfInfoEnabled,63] - [ffc2b7b3-c6bc-4789-8d45-cad3d650965f] Register server push request handler:com.alibaba.nacos.common.remote.client.RpcClient$ConnectResetRequestHandler
22:41:36.040 [com.alibaba.nacos.client.remote.worker] INFO  c.a.n.client.naming - [onConnected,78] - Grpc connection connect
22:41:36.040 [main] INFO  c.a.n.c.r.client - [printIfInfoEnabled,63] - [ffc2b7b3-c6bc-4789-8d45-cad3d650965f] Register server push request handler:com.alibaba.nacos.common.remote.client.RpcClient$$Lambda$606/0x00000008010f51a0
22:41:36.042 [main] INFO  c.a.n.client.naming - [registerService,121] - [REGISTER-SERVICE] public registering service spzx-job with instance Instance{instanceId='null', ip='192.168.137.1', port=9203, weight=1.0, healthy=true, enabled=true, ephemeral=true, clusterName='DEFAULT', serviceName='null', metadata={IPv6=null, preserved.register.source=SPRING_CLOUD}}
22:41:36.059 [main] INFO  c.a.c.n.r.NacosServiceRegistry - [register,76] - nacos registry, DEFAULT_GROUP spzx-job 192.168.137.1:9203 register finished
22:41:36.564 [main] INFO  c.s.j.SpzxJobApplication - [logStarted,57] - Started SpzxJobApplication in 23.563 seconds (process running for 25.536)
22:41:36.581 [main] INFO  c.a.n.c.c.i.CacheData - [<clinit>,67] - nacos.cache.data.init.snapshot = true 
22:41:36.584 [main] INFO  c.a.n.c.c.i.ClientWorker - [addCacheDataIfAbsent,380] - [fixed-192.168.6.100_8848] [subscribe] spzx-job-dev.yml+DEFAULT_GROUP
22:41:36.611 [main] INFO  c.a.n.c.c.i.CacheData - [addListener,197] - [fixed-192.168.6.100_8848] [add-listener] ok, tenant=, dataId=spzx-job-dev.yml, group=DEFAULT_GROUP, cnt=1
22:41:36.611 [main] INFO  c.a.c.n.r.NacosContextRefresher - [registerNacosListener,129] - [Nacos Config] Listening config: dataId=spzx-job-dev.yml, group=DEFAULT_GROUP
22:41:36.612 [main] INFO  c.a.n.c.c.i.ClientWorker - [addCacheDataIfAbsent,380] - [fixed-192.168.6.100_8848] [subscribe] spzx-job.yml+DEFAULT_GROUP
22:41:36.613 [main] INFO  c.a.n.c.c.i.CacheData - [addListener,197] - [fixed-192.168.6.100_8848] [add-listener] ok, tenant=, dataId=spzx-job.yml, group=DEFAULT_GROUP, cnt=1
22:41:36.613 [main] INFO  c.a.c.n.r.NacosContextRefresher - [registerNacosListener,129] - [Nacos Config] Listening config: dataId=spzx-job.yml, group=DEFAULT_GROUP
22:41:36.614 [main] INFO  c.a.n.c.c.i.ClientWorker - [addCacheDataIfAbsent,380] - [fixed-192.168.6.100_8848] [subscribe] spzx-job+DEFAULT_GROUP
22:41:36.615 [main] INFO  c.a.n.c.c.i.CacheData - [addListener,197] - [fixed-192.168.6.100_8848] [add-listener] ok, tenant=, dataId=spzx-job, group=DEFAULT_GROUP, cnt=1
22:41:36.615 [main] INFO  c.a.c.n.r.NacosContextRefresher - [registerNacosListener,129] - [Nacos Config] Listening config: dataId=spzx-job, group=DEFAULT_GROUP
22:41:37.079 [RMI TCP Connection(5)-192.168.138.1] INFO  o.a.c.c.C.[.[.[/] - [log,173] - Initializing Spring DispatcherServlet 'dispatcherServlet'
22:41:37.550 [Quartz Scheduler [RuoyiScheduler]] INFO  o.q.c.QuartzScheduler - [start,547] - Scheduler RuoyiScheduler_$_atguigu1730731284611 started.
23:34:05.988 [SpringApplicationShutdownHook] INFO  o.q.c.QuartzScheduler - [standby,585] - Scheduler RuoyiScheduler_$_atguigu1730731284611 paused.
23:34:06.226 [SpringApplicationShutdownHook] INFO  c.a.c.n.r.NacosServiceRegistry - [deregister,95] - De-registering from Nacos Server now...
23:34:06.228 [SpringApplicationShutdownHook] INFO  c.a.n.client.naming - [deregisterService,217] - [DEREGISTER-SERVICE] public deregistering service spzx-job with instance: Instance{instanceId='null', ip='192.168.137.1', port=9203, weight=1.0, healthy=true, enabled=true, ephemeral=true, clusterName='DEFAULT', serviceName='null', metadata={}}
23:34:06.231 [SpringApplicationShutdownHook] INFO  c.a.c.n.r.NacosServiceRegistry - [deregister,115] - De-registration finished.
23:34:06.233 [SpringApplicationShutdownHook] INFO  c.a.n.client.naming - [shutdown,256] - com.alibaba.nacos.client.naming.cache.ServiceInfoHolder do shutdown begin
23:34:06.234 [SpringApplicationShutdownHook] INFO  c.a.n.client.naming - [shutdown,136] - com.alibaba.nacos.client.naming.backups.FailoverReactor do shutdown begin
23:34:06.234 [SpringApplicationShutdownHook] INFO  c.a.n.client.naming - [shutdown,138] - com.alibaba.nacos.client.naming.backups.FailoverReactor do shutdown stop
23:34:06.235 [SpringApplicationShutdownHook] INFO  c.a.n.client.naming - [shutdown,258] - com.alibaba.nacos.client.naming.cache.ServiceInfoHolder do shutdown stop
23:34:06.235 [SpringApplicationShutdownHook] INFO  c.a.n.client.naming - [shutdown,204] - com.alibaba.nacos.client.naming.remote.NamingClientProxyDelegate do shutdown begin
23:34:06.235 [SpringApplicationShutdownHook] INFO  c.a.n.client.naming - [shutdown,143] - com.alibaba.nacos.client.naming.core.ServiceInfoUpdateService do shutdown begin
23:34:06.235 [SpringApplicationShutdownHook] INFO  c.a.n.client.naming - [shutdown,145] - com.alibaba.nacos.client.naming.core.ServiceInfoUpdateService do shutdown stop
23:34:06.235 [SpringApplicationShutdownHook] INFO  c.a.n.client.naming - [shutdown,194] - com.alibaba.nacos.client.naming.core.ServerListManager do shutdown begin
23:34:06.236 [SpringApplicationShutdownHook] INFO  c.a.n.client.naming - [shutdown,199] - com.alibaba.nacos.client.naming.core.ServerListManager do shutdown stop
23:34:06.236 [SpringApplicationShutdownHook] INFO  c.a.n.client.naming - [shutdown,484] - com.alibaba.nacos.client.naming.remote.http.NamingHttpClientProxy do shutdown begin
23:34:06.236 [SpringApplicationShutdownHook] INFO  c.a.n.client.naming - [shutdown,486] - com.alibaba.nacos.client.naming.remote.http.NamingHttpClientProxy do shutdown stop
23:34:06.236 [SpringApplicationShutdownHook] INFO  c.a.n.c.r.client - [shutdown,429] - Shutdown rpc client, set status to shutdown
23:34:06.237 [SpringApplicationShutdownHook] INFO  c.a.n.c.r.client - [shutdown,431] - Shutdown client event executor java.util.concurrent.ScheduledThreadPoolExecutor@58080d10[Running, pool size = 2, active threads = 2, queued tasks = 0, completed tasks = 0]
23:34:06.237 [SpringApplicationShutdownHook] INFO  c.a.n.c.r.client - [closeConnection,584] - Close current connection 1730731297475_192.168.6.1_62367
23:34:06.240 [nacos-grpc-client-executor-192.168.6.100-646] INFO  c.a.n.c.r.c.g.GrpcClient - [printIfInfoEnabled,63] - [1730731297475_192.168.6.1_62367]Ignore complete event,isRunning:false,isAbandon=false
23:34:06.242 [SpringApplicationShutdownHook] INFO  c.a.n.c.r.c.g.GrpcClient - [shutdown,159] - Shutdown grpc executor java.util.concurrent.ThreadPoolExecutor@7bba0c4e[Running, pool size = 4, active threads = 0, queued tasks = 0, completed tasks = 647]
23:34:06.243 [SpringApplicationShutdownHook] INFO  c.a.n.client.naming - [shutdown,318] - Shutdown grpc redo service executor java.util.concurrent.ScheduledThreadPoolExecutor@26b0849[Running, pool size = 1, active threads = 0, queued tasks = 1, completed tasks = 1049]
23:34:06.243 [SpringApplicationShutdownHook] INFO  c.a.n.c.a.r.i.CredentialWatcher - [stop,106] - [null] CredentialWatcher is stopped
23:34:06.244 [SpringApplicationShutdownHook] INFO  c.a.n.c.a.r.i.CredentialService - [free,100] - [null] CredentialService is freed
23:34:06.244 [SpringApplicationShutdownHook] INFO  c.a.n.client.naming - [shutdown,211] - com.alibaba.nacos.client.naming.remote.NamingClientProxyDelegate do shutdown stop
23:34:06.250 [SpringApplicationShutdownHook] INFO  o.q.c.QuartzScheduler - [shutdown,666] - Scheduler RuoyiScheduler_$_atguigu1730731284611 shutting down.
23:34:06.250 [SpringApplicationShutdownHook] INFO  o.q.c.QuartzScheduler - [standby,585] - Scheduler RuoyiScheduler_$_atguigu1730731284611 paused.
23:34:06.251 [SpringApplicationShutdownHook] INFO  o.q.c.QuartzScheduler - [shutdown,740] - Scheduler RuoyiScheduler_$_atguigu1730731284611 shutdown complete.
23:34:06.252 [SpringApplicationShutdownHook] INFO  c.z.h.HikariDataSource - [close,350] - HikariPool-1 - Shutdown initiated...
23:34:06.255 [SpringApplicationShutdownHook] INFO  c.z.h.HikariDataSource - [close,352] - HikariPool-1 - Shutdown completed.
